[debug] [2025-01-30T21:51:00.578Z] ----------------------------------------------------------------------
[debug] [2025-01-30T21:51:00.580Z] Command:       C:\Program Files\nodejs\node.exe C:\Users\jhonn\AppData\Roaming\npm\node_modules\firebase-tools\lib\bin\firebase.js deploy
[debug] [2025-01-30T21:51:00.581Z] CLI Version:   13.29.3
[debug] [2025-01-30T21:51:00.581Z] Platform:      win32
[debug] [2025-01-30T21:51:00.581Z] Node Version:  v20.17.0
[debug] [2025-01-30T21:51:00.581Z] Time:          Thu Jan 30 2025 21:51:00 GMT+0000 (Hora padrão da Europa Ocidental)
[debug] [2025-01-30T21:51:00.581Z] ----------------------------------------------------------------------
[debug] 
[debug] [2025-01-30T21:51:00.791Z] > command requires scopes: ["email","openid","https://www.googleapis.com/auth/cloudplatformprojects.readonly","https://www.googleapis.com/auth/firebase","https://www.googleapis.com/auth/cloud-platform"]
[debug] [2025-01-30T21:51:00.792Z] > authorizing via signed-in user (publish.upp@gmail.com)
[debug] [2025-01-30T21:51:00.792Z] [iam] checking project pequi-zone for permissions ["cloudfunctions.functions.create","cloudfunctions.functions.delete","cloudfunctions.functions.get","cloudfunctions.functions.list","cloudfunctions.functions.update","cloudfunctions.operations.get","firebase.projects.get","firebasehosting.sites.update"]
[debug] [2025-01-30T21:51:00.793Z] Checked if tokens are valid: true, expires at: 1738276224485
[debug] [2025-01-30T21:51:00.793Z] Checked if tokens are valid: true, expires at: 1738276224485
[debug] [2025-01-30T21:51:00.794Z] >>> [apiv2][query] POST https://cloudresourcemanager.googleapis.com/v1/projects/pequi-zone:testIamPermissions [none]
[debug] [2025-01-30T21:51:00.795Z] >>> [apiv2][(partial)header] POST https://cloudresourcemanager.googleapis.com/v1/projects/pequi-zone:testIamPermissions x-goog-quota-user=projects/pequi-zone
[debug] [2025-01-30T21:51:00.795Z] >>> [apiv2][body] POST https://cloudresourcemanager.googleapis.com/v1/projects/pequi-zone:testIamPermissions {"permissions":["cloudfunctions.functions.create","cloudfunctions.functions.delete","cloudfunctions.functions.get","cloudfunctions.functions.list","cloudfunctions.functions.update","cloudfunctions.operations.get","firebase.projects.get","firebasehosting.sites.update"]}
[debug] [2025-01-30T21:51:01.538Z] <<< [apiv2][status] POST https://cloudresourcemanager.googleapis.com/v1/projects/pequi-zone:testIamPermissions 200
[debug] [2025-01-30T21:51:01.538Z] <<< [apiv2][body] POST https://cloudresourcemanager.googleapis.com/v1/projects/pequi-zone:testIamPermissions {"permissions":["cloudfunctions.functions.create","cloudfunctions.functions.delete","cloudfunctions.functions.get","cloudfunctions.functions.list","cloudfunctions.functions.update","cloudfunctions.operations.get","firebase.projects.get","firebasehosting.sites.update"]}
[debug] [2025-01-30T21:51:01.538Z] Checked if tokens are valid: true, expires at: 1738276224485
[debug] [2025-01-30T21:51:01.538Z] Checked if tokens are valid: true, expires at: 1738276224485
[debug] [2025-01-30T21:51:01.538Z] >>> [apiv2][query] POST https://iam.googleapis.com/v1/projects/pequi-zone/serviceAccounts/pequi-zone@appspot.gserviceaccount.com:testIamPermissions [none]
[debug] [2025-01-30T21:51:01.539Z] >>> [apiv2][body] POST https://iam.googleapis.com/v1/projects/pequi-zone/serviceAccounts/pequi-zone@appspot.gserviceaccount.com:testIamPermissions {"permissions":["iam.serviceAccounts.actAs"]}
[debug] [2025-01-30T21:51:02.238Z] <<< [apiv2][status] POST https://iam.googleapis.com/v1/projects/pequi-zone/serviceAccounts/pequi-zone@appspot.gserviceaccount.com:testIamPermissions 200
[debug] [2025-01-30T21:51:02.238Z] <<< [apiv2][body] POST https://iam.googleapis.com/v1/projects/pequi-zone/serviceAccounts/pequi-zone@appspot.gserviceaccount.com:testIamPermissions {"permissions":["iam.serviceAccounts.actAs"]}
[debug] [2025-01-30T21:51:02.239Z] Checked if tokens are valid: true, expires at: 1738276224485
[debug] [2025-01-30T21:51:02.239Z] Checked if tokens are valid: true, expires at: 1738276224485
[debug] [2025-01-30T21:51:02.239Z] >>> [apiv2][query] GET https://firebase.googleapis.com/v1beta1/projects/pequi-zone [none]
[debug] [2025-01-30T21:51:02.518Z] <<< [apiv2][status] GET https://firebase.googleapis.com/v1beta1/projects/pequi-zone 200
[debug] [2025-01-30T21:51:02.518Z] <<< [apiv2][body] GET https://firebase.googleapis.com/v1beta1/projects/pequi-zone {"projectId":"pequi-zone","projectNumber":"958535480922","displayName":"pequi-zone","name":"projects/pequi-zone","resources":{"hostingSite":"pequi-zone"},"state":"ACTIVE","etag":"1_907e621e-7e1f-4452-83f5-8fec17d27889"}
[info] 
[info] === Deploying to 'pequi-zone'...
[info] 
[info] i  deploying functions, hosting 
[info] Running command: npm --prefix "$RESOURCE_DIR" run lint
[info] +  functions: Finished running predeploy script. 
[debug] [2025-01-30T21:51:06.188Z] Checked if tokens are valid: true, expires at: 1738276224485
[debug] [2025-01-30T21:51:06.189Z] Checked if tokens are valid: true, expires at: 1738276224485
[debug] [2025-01-30T21:51:06.189Z] >>> [apiv2][query] GET https://cloudresourcemanager.googleapis.com/v1/projects/pequi-zone [none]
[debug] [2025-01-30T21:51:06.376Z] <<< [apiv2][status] GET https://cloudresourcemanager.googleapis.com/v1/projects/pequi-zone 200
[debug] [2025-01-30T21:51:06.376Z] <<< [apiv2][body] GET https://cloudresourcemanager.googleapis.com/v1/projects/pequi-zone {"projectNumber":"958535480922","projectId":"pequi-zone","lifecycleState":"ACTIVE","name":"pequi-zone","labels":{"firebase":"enabled","firebase-core":"disabled"},"createTime":"2025-01-29T18:44:20.503050Z"}
[info] i  functions: preparing codebase default for deployment 
[info] i  functions: ensuring required API cloudfunctions.googleapis.com is enabled... 
[debug] [2025-01-30T21:51:06.378Z] Checked if tokens are valid: true, expires at: 1738276224485
[debug] [2025-01-30T21:51:06.378Z] Checked if tokens are valid: true, expires at: 1738276224485
[debug] [2025-01-30T21:51:06.378Z] Checked if tokens are valid: true, expires at: 1738276224485
[debug] [2025-01-30T21:51:06.378Z] Checked if tokens are valid: true, expires at: 1738276224485
[info] i  functions: ensuring required API cloudbuild.googleapis.com is enabled... 
[debug] [2025-01-30T21:51:06.378Z] Checked if tokens are valid: true, expires at: 1738276224485
[debug] [2025-01-30T21:51:06.379Z] Checked if tokens are valid: true, expires at: 1738276224485
[info] i  artifactregistry: ensuring required API artifactregistry.googleapis.com is enabled... 
[debug] [2025-01-30T21:51:06.379Z] Checked if tokens are valid: true, expires at: 1738276224485
[debug] [2025-01-30T21:51:06.379Z] Checked if tokens are valid: true, expires at: 1738276224485
[debug] [2025-01-30T21:51:06.379Z] >>> [apiv2][query] GET https://serviceusage.googleapis.com/v1/projects/pequi-zone/services/cloudfunctions.googleapis.com [none]
[debug] [2025-01-30T21:51:06.379Z] >>> [apiv2][(partial)header] GET https://serviceusage.googleapis.com/v1/projects/pequi-zone/services/cloudfunctions.googleapis.com x-goog-quota-user=projects/pequi-zone
[debug] [2025-01-30T21:51:06.380Z] >>> [apiv2][query] GET https://serviceusage.googleapis.com/v1/projects/pequi-zone/services/runtimeconfig.googleapis.com [none]
[debug] [2025-01-30T21:51:06.380Z] >>> [apiv2][(partial)header] GET https://serviceusage.googleapis.com/v1/projects/pequi-zone/services/runtimeconfig.googleapis.com x-goog-quota-user=projects/pequi-zone
[debug] [2025-01-30T21:51:06.382Z] >>> [apiv2][query] GET https://serviceusage.googleapis.com/v1/projects/pequi-zone/services/cloudbuild.googleapis.com [none]
[debug] [2025-01-30T21:51:06.382Z] >>> [apiv2][(partial)header] GET https://serviceusage.googleapis.com/v1/projects/pequi-zone/services/cloudbuild.googleapis.com x-goog-quota-user=projects/pequi-zone
[debug] [2025-01-30T21:51:06.383Z] >>> [apiv2][query] GET https://serviceusage.googleapis.com/v1/projects/pequi-zone/services/artifactregistry.googleapis.com [none]
[debug] [2025-01-30T21:51:06.383Z] >>> [apiv2][(partial)header] GET https://serviceusage.googleapis.com/v1/projects/pequi-zone/services/artifactregistry.googleapis.com x-goog-quota-user=projects/pequi-zone
[debug] [2025-01-30T21:51:07.247Z] <<< [apiv2][status] GET https://serviceusage.googleapis.com/v1/projects/pequi-zone/services/cloudbuild.googleapis.com 200
[debug] [2025-01-30T21:51:07.247Z] <<< [apiv2][body] GET https://serviceusage.googleapis.com/v1/projects/pequi-zone/services/cloudbuild.googleapis.com [omitted]
[info] +  functions: required API cloudbuild.googleapis.com is enabled 
[debug] [2025-01-30T21:51:07.343Z] <<< [apiv2][status] GET https://serviceusage.googleapis.com/v1/projects/pequi-zone/services/cloudfunctions.googleapis.com 200
[debug] [2025-01-30T21:51:07.343Z] <<< [apiv2][body] GET https://serviceusage.googleapis.com/v1/projects/pequi-zone/services/cloudfunctions.googleapis.com [omitted]
[info] +  functions: required API cloudfunctions.googleapis.com is enabled 
[debug] [2025-01-30T21:51:07.350Z] <<< [apiv2][status] GET https://serviceusage.googleapis.com/v1/projects/pequi-zone/services/artifactregistry.googleapis.com 200
[debug] [2025-01-30T21:51:07.350Z] <<< [apiv2][body] GET https://serviceusage.googleapis.com/v1/projects/pequi-zone/services/artifactregistry.googleapis.com [omitted]
[info] +  artifactregistry: required API artifactregistry.googleapis.com is enabled 
[debug] [2025-01-30T21:51:07.355Z] <<< [apiv2][status] GET https://serviceusage.googleapis.com/v1/projects/pequi-zone/services/runtimeconfig.googleapis.com 200
[debug] [2025-01-30T21:51:07.355Z] <<< [apiv2][body] GET https://serviceusage.googleapis.com/v1/projects/pequi-zone/services/runtimeconfig.googleapis.com [omitted]
[debug] [2025-01-30T21:51:07.355Z] Checked if tokens are valid: true, expires at: 1738276224485
[debug] [2025-01-30T21:51:07.355Z] Checked if tokens are valid: true, expires at: 1738276224485
[debug] [2025-01-30T21:51:07.356Z] >>> [apiv2][query] GET https://firebase.googleapis.com/v1beta1/projects/pequi-zone/adminSdkConfig [none]
[debug] [2025-01-30T21:51:07.697Z] <<< [apiv2][status] GET https://firebase.googleapis.com/v1beta1/projects/pequi-zone/adminSdkConfig 200
[debug] [2025-01-30T21:51:07.697Z] <<< [apiv2][body] GET https://firebase.googleapis.com/v1beta1/projects/pequi-zone/adminSdkConfig {"projectId":"pequi-zone","storageBucket":"pequi-zone.firebasestorage.app"}
[debug] [2025-01-30T21:51:07.697Z] Checked if tokens are valid: true, expires at: 1738276224485
[debug] [2025-01-30T21:51:07.698Z] Checked if tokens are valid: true, expires at: 1738276224485
[debug] [2025-01-30T21:51:07.698Z] >>> [apiv2][query] GET https://runtimeconfig.googleapis.com/v1beta1/projects/pequi-zone/configs [none]
[debug] [2025-01-30T21:51:08.016Z] <<< [apiv2][status] GET https://runtimeconfig.googleapis.com/v1beta1/projects/pequi-zone/configs 200
[debug] [2025-01-30T21:51:08.017Z] <<< [apiv2][body] GET https://runtimeconfig.googleapis.com/v1beta1/projects/pequi-zone/configs {}
[debug] [2025-01-30T21:51:08.018Z] Validating nodejs source
[debug] [2025-01-30T21:51:08.867Z] > [functions] package.json contents: {
  "name": "functions",
  "description": "Cloud Functions for Firebase",
  "scripts": {
    "lint": "eslint .",
    "serve": "firebase emulators:start --only functions",
    "shell": "firebase functions:shell",
    "start": "npm run shell",
    "deploy": "firebase deploy --only functions",
    "logs": "firebase functions:log"
  },
  "engines": {
    "node": "22"
  },
  "main": "index.js",
  "dependencies": {
    "firebase-admin": "^12.6.0",
    "firebase-functions": "^6.0.1"
  },
  "devDependencies": {
    "eslint": "^8.15.0",
    "eslint-config-google": "^0.14.0",
    "firebase-functions-test": "^3.1.0"
  },
  "private": true
}
[debug] [2025-01-30T21:51:08.867Z] Building nodejs source
[info] i  functions: Loading and analyzing source code for codebase default to determine what to deploy 
[debug] [2025-01-30T21:51:08.868Z] Could not find functions.yaml. Must use http discovery
[debug] [2025-01-30T21:51:08.882Z] Found firebase-functions binary at 'D:\SERVIÇOS\pequiZone\pequi-zone\functions\node_modules\.bin\firebase-functions'
[info] Serving at port 8840

[debug] [2025-01-30T21:51:09.503Z] Got response from /__/functions.yaml {"endpoints":{"api":{"availableMemoryMb":null,"timeoutSeconds":null,"minInstances":null,"maxInstances":null,"ingressSettings":null,"concurrency":null,"serviceAccountEmail":null,"vpc":null,"platform":"gcfv2","labels":{},"httpsTrigger":{},"entryPoint":"api"}},"specVersion":"v1alpha1","requiredAPIs":[],"extensions":{}}
[info] i  extensions: ensuring required API firebaseextensions.googleapis.com is enabled... 
[debug] [2025-01-30T21:51:14.544Z] Checked if tokens are valid: true, expires at: 1738276224485
[debug] [2025-01-30T21:51:14.544Z] Checked if tokens are valid: true, expires at: 1738276224485
[debug] [2025-01-30T21:51:14.544Z] >>> [apiv2][query] GET https://serviceusage.googleapis.com/v1/projects/pequi-zone/services/firebaseextensions.googleapis.com [none]
[debug] [2025-01-30T21:51:14.544Z] >>> [apiv2][(partial)header] GET https://serviceusage.googleapis.com/v1/projects/pequi-zone/services/firebaseextensions.googleapis.com x-goog-quota-user=projects/pequi-zone
[debug] [2025-01-30T21:51:15.434Z] <<< [apiv2][status] GET https://serviceusage.googleapis.com/v1/projects/pequi-zone/services/firebaseextensions.googleapis.com 200
[debug] [2025-01-30T21:51:15.434Z] <<< [apiv2][body] GET https://serviceusage.googleapis.com/v1/projects/pequi-zone/services/firebaseextensions.googleapis.com [omitted]
[info] +  extensions: required API firebaseextensions.googleapis.com is enabled 
[debug] [2025-01-30T21:51:15.434Z] > command requires scopes: ["email","openid","https://www.googleapis.com/auth/cloudplatformprojects.readonly","https://www.googleapis.com/auth/firebase","https://www.googleapis.com/auth/cloud-platform"]
[debug] [2025-01-30T21:51:15.435Z] > authorizing via signed-in user (publish.upp@gmail.com)
[debug] [2025-01-30T21:51:15.435Z] [iam] checking project pequi-zone for permissions ["firebase.projects.get","firebaseextensions.instances.list"]
[debug] [2025-01-30T21:51:15.435Z] Checked if tokens are valid: true, expires at: 1738276224485
[debug] [2025-01-30T21:51:15.435Z] Checked if tokens are valid: true, expires at: 1738276224485
[debug] [2025-01-30T21:51:15.435Z] >>> [apiv2][query] POST https://cloudresourcemanager.googleapis.com/v1/projects/pequi-zone:testIamPermissions [none]
[debug] [2025-01-30T21:51:15.435Z] >>> [apiv2][(partial)header] POST https://cloudresourcemanager.googleapis.com/v1/projects/pequi-zone:testIamPermissions x-goog-quota-user=projects/pequi-zone
[debug] [2025-01-30T21:51:15.435Z] >>> [apiv2][body] POST https://cloudresourcemanager.googleapis.com/v1/projects/pequi-zone:testIamPermissions {"permissions":["firebase.projects.get","firebaseextensions.instances.list"]}
[debug] [2025-01-30T21:51:16.111Z] <<< [apiv2][status] POST https://cloudresourcemanager.googleapis.com/v1/projects/pequi-zone:testIamPermissions 200
[debug] [2025-01-30T21:51:16.112Z] <<< [apiv2][body] POST https://cloudresourcemanager.googleapis.com/v1/projects/pequi-zone:testIamPermissions {"permissions":["firebase.projects.get","firebaseextensions.instances.list"]}
[debug] [2025-01-30T21:51:16.112Z] Checked if tokens are valid: true, expires at: 1738276224485
[debug] [2025-01-30T21:51:16.112Z] Checked if tokens are valid: true, expires at: 1738276224485
[debug] [2025-01-30T21:51:16.113Z] >>> [apiv2][query] GET https://firebaseextensions.googleapis.com/v1beta/projects/pequi-zone/instances pageSize=100&pageToken=
[debug] [2025-01-30T21:51:16.916Z] <<< [apiv2][status] GET https://firebaseextensions.googleapis.com/v1beta/projects/pequi-zone/instances 200
[debug] [2025-01-30T21:51:16.916Z] <<< [apiv2][body] GET https://firebaseextensions.googleapis.com/v1beta/projects/pequi-zone/instances {}
[info] i  functions: preparing functions directory for uploading... 
[info] i  functions: packaged D:\SERVIÇOS\pequiZone\pequi-zone\functions (71.24 KB) for uploading 
[debug] [2025-01-30T21:51:16.955Z] Checked if tokens are valid: true, expires at: 1738276224485
[debug] [2025-01-30T21:51:16.955Z] Checked if tokens are valid: true, expires at: 1738276224485
[debug] [2025-01-30T21:51:16.955Z] >>> [apiv2][query] GET https://cloudfunctions.googleapis.com/v1/projects/pequi-zone/locations/-/functions [none]
[debug] [2025-01-30T21:51:17.596Z] <<< [apiv2][status] GET https://cloudfunctions.googleapis.com/v1/projects/pequi-zone/locations/-/functions 200
[debug] [2025-01-30T21:51:17.596Z] <<< [apiv2][body] GET https://cloudfunctions.googleapis.com/v1/projects/pequi-zone/locations/-/functions {}
[debug] [2025-01-30T21:51:17.597Z] Checked if tokens are valid: true, expires at: 1738276224485
[debug] [2025-01-30T21:51:17.597Z] Checked if tokens are valid: true, expires at: 1738276224485
[debug] [2025-01-30T21:51:17.597Z] >>> [apiv2][query] GET https://cloudfunctions.googleapis.com/v2/projects/pequi-zone/locations/-/functions filter=environment%3D%22GEN_2%22
[debug] [2025-01-30T21:51:18.592Z] <<< [apiv2][status] GET https://cloudfunctions.googleapis.com/v2/projects/pequi-zone/locations/-/functions 200
[debug] [2025-01-30T21:51:18.593Z] <<< [apiv2][body] GET https://cloudfunctions.googleapis.com/v2/projects/pequi-zone/locations/-/functions {"functions":[{"name":"projects/pequi-zone/locations/us-central1/functions/api","buildConfig":{"build":"projects/958535480922/locations/us-central1/builds/171ffb1e-275d-4344-8443-4807229a4c8b","runtime":"nodejs22","entryPoint":"api","source":{"storageSource":{"bucket":"gcf-v2-sources-958535480922-us-central1","object":"api/function-source.zip","generation":"1738270838119486"}},"environmentVariables":{"GOOGLE_NODE_RUN_SCRIPTS":""},"dockerRepository":"projects/pequi-zone/locations/us-central1/repositories/gcf-artifacts","sourceProvenance":{"resolvedStorageSource":{"bucket":"gcf-v2-sources-958535480922-us-central1","object":"api/function-source.zip","generation":"1738270838119486"}},"dockerRegistry":"ARTIFACT_REGISTRY","serviceAccount":"projects/pequi-zone/serviceAccounts/958535480922-compute@developer.gserviceaccount.com","automaticUpdatePolicy":{}},"serviceConfig":{"service":"projects/pequi-zone/locations/us-central1/services/api","timeoutSeconds":60,"environmentVariables":{"FIREBASE_CONFIG":"{\"projectId\":\"pequi-zone\",\"storageBucket\":\"pequi-zone.firebasestorage.app\"}","GCLOUD_PROJECT":"pequi-zone","EVENTARC_CLOUD_EVENT_SOURCE":"projects/pequi-zone/locations/us-central1/services/api","FUNCTION_TARGET":"api","LOG_EXECUTION_ID":"true"},"maxInstanceCount":100,"ingressSettings":"ALLOW_ALL","uri":"https://api-6a2wtfy6ma-uc.a.run.app","serviceAccountEmail":"958535480922-compute@developer.gserviceaccount.com","availableMemory":"256Mi","allTrafficOnLatestRevision":true,"revision":"api-00001-way","maxInstanceRequestConcurrency":80,"availableCpu":"1"},"state":"ACTIVE","updateTime":"2025-01-30T21:02:32.665081455Z","labels":{"deployment-tool":"cli-firebase","firebase-functions-hash":"b6d111119044330dc49d4ae5c8bb1a410eee76f3"},"environment":"GEN_2","url":"https://us-central1-pequi-zone.cloudfunctions.net/api","createTime":"2025-01-30T21:00:38.397551016Z"}]}
[info] i  functions: ensuring required API run.googleapis.com is enabled... 
[debug] [2025-01-30T21:51:18.595Z] Checked if tokens are valid: true, expires at: 1738276224485
[debug] [2025-01-30T21:51:18.595Z] Checked if tokens are valid: true, expires at: 1738276224485
[info] i  functions: ensuring required API eventarc.googleapis.com is enabled... 
[debug] [2025-01-30T21:51:18.596Z] Checked if tokens are valid: true, expires at: 1738276224485
[debug] [2025-01-30T21:51:18.596Z] Checked if tokens are valid: true, expires at: 1738276224485
[info] i  functions: ensuring required API pubsub.googleapis.com is enabled... 
[debug] [2025-01-30T21:51:18.596Z] Checked if tokens are valid: true, expires at: 1738276224485
[debug] [2025-01-30T21:51:18.596Z] Checked if tokens are valid: true, expires at: 1738276224485
[info] i  functions: ensuring required API storage.googleapis.com is enabled... 
[debug] [2025-01-30T21:51:18.597Z] Checked if tokens are valid: true, expires at: 1738276224485
[debug] [2025-01-30T21:51:18.597Z] Checked if tokens are valid: true, expires at: 1738276224485
[debug] [2025-01-30T21:51:18.597Z] >>> [apiv2][query] GET https://serviceusage.googleapis.com/v1/projects/pequi-zone/services/run.googleapis.com [none]
[debug] [2025-01-30T21:51:18.597Z] >>> [apiv2][(partial)header] GET https://serviceusage.googleapis.com/v1/projects/pequi-zone/services/run.googleapis.com x-goog-quota-user=projects/pequi-zone
[debug] [2025-01-30T21:51:18.597Z] >>> [apiv2][query] GET https://serviceusage.googleapis.com/v1/projects/pequi-zone/services/eventarc.googleapis.com [none]
[debug] [2025-01-30T21:51:18.597Z] >>> [apiv2][(partial)header] GET https://serviceusage.googleapis.com/v1/projects/pequi-zone/services/eventarc.googleapis.com x-goog-quota-user=projects/pequi-zone
[debug] [2025-01-30T21:51:18.599Z] >>> [apiv2][query] GET https://serviceusage.googleapis.com/v1/projects/pequi-zone/services/pubsub.googleapis.com [none]
[debug] [2025-01-30T21:51:18.599Z] >>> [apiv2][(partial)header] GET https://serviceusage.googleapis.com/v1/projects/pequi-zone/services/pubsub.googleapis.com x-goog-quota-user=projects/pequi-zone
[debug] [2025-01-30T21:51:18.601Z] >>> [apiv2][query] GET https://serviceusage.googleapis.com/v1/projects/pequi-zone/services/storage.googleapis.com [none]
[debug] [2025-01-30T21:51:18.601Z] >>> [apiv2][(partial)header] GET https://serviceusage.googleapis.com/v1/projects/pequi-zone/services/storage.googleapis.com x-goog-quota-user=projects/pequi-zone
[debug] [2025-01-30T21:51:19.354Z] <<< [apiv2][status] GET https://serviceusage.googleapis.com/v1/projects/pequi-zone/services/run.googleapis.com 200
[debug] [2025-01-30T21:51:19.354Z] <<< [apiv2][body] GET https://serviceusage.googleapis.com/v1/projects/pequi-zone/services/run.googleapis.com [omitted]
[info] +  functions: required API run.googleapis.com is enabled 
[debug] [2025-01-30T21:51:19.424Z] <<< [apiv2][status] GET https://serviceusage.googleapis.com/v1/projects/pequi-zone/services/pubsub.googleapis.com 200
[debug] [2025-01-30T21:51:19.424Z] <<< [apiv2][body] GET https://serviceusage.googleapis.com/v1/projects/pequi-zone/services/pubsub.googleapis.com [omitted]
[info] +  functions: required API pubsub.googleapis.com is enabled 
[debug] [2025-01-30T21:51:19.471Z] <<< [apiv2][status] GET https://serviceusage.googleapis.com/v1/projects/pequi-zone/services/eventarc.googleapis.com 200
[debug] [2025-01-30T21:51:19.471Z] <<< [apiv2][body] GET https://serviceusage.googleapis.com/v1/projects/pequi-zone/services/eventarc.googleapis.com [omitted]
[info] +  functions: required API eventarc.googleapis.com is enabled 
[debug] [2025-01-30T21:51:19.520Z] <<< [apiv2][status] GET https://serviceusage.googleapis.com/v1/projects/pequi-zone/services/storage.googleapis.com 200
[debug] [2025-01-30T21:51:19.520Z] <<< [apiv2][body] GET https://serviceusage.googleapis.com/v1/projects/pequi-zone/services/storage.googleapis.com [omitted]
[info] +  functions: required API storage.googleapis.com is enabled 
[info] i  functions: generating the service identity for pubsub.googleapis.com... 
[debug] [2025-01-30T21:51:19.521Z] Checked if tokens are valid: true, expires at: 1738276224485
[debug] [2025-01-30T21:51:19.521Z] Checked if tokens are valid: true, expires at: 1738276224485
[info] i  functions: generating the service identity for eventarc.googleapis.com... 
[debug] [2025-01-30T21:51:19.522Z] Checked if tokens are valid: true, expires at: 1738276224485
[debug] [2025-01-30T21:51:19.522Z] Checked if tokens are valid: true, expires at: 1738276224485
[debug] [2025-01-30T21:51:19.522Z] >>> [apiv2][query] POST https://serviceusage.googleapis.com/v1beta1/projects/958535480922/services/pubsub.googleapis.com:generateServiceIdentity [none]
[debug] [2025-01-30T21:51:19.522Z] >>> [apiv2][query] POST https://serviceusage.googleapis.com/v1beta1/projects/958535480922/services/eventarc.googleapis.com:generateServiceIdentity [none]
[debug] [2025-01-30T21:51:19.878Z] <<< [apiv2][status] POST https://serviceusage.googleapis.com/v1beta1/projects/958535480922/services/eventarc.googleapis.com:generateServiceIdentity 200
[debug] [2025-01-30T21:51:19.878Z] <<< [apiv2][body] POST https://serviceusage.googleapis.com/v1beta1/projects/958535480922/services/eventarc.googleapis.com:generateServiceIdentity {"name":"operations/finished.DONE_OPERATION","done":true,"response":{"@type":"type.googleapis.com/google.api.serviceusage.v1beta1.ServiceIdentity","email":"service-958535480922@gcp-sa-eventarc.iam.gserviceaccount.com","uniqueId":"117569488575372468728"}}
[debug] [2025-01-30T21:51:20.326Z] <<< [apiv2][status] POST https://serviceusage.googleapis.com/v1beta1/projects/958535480922/services/pubsub.googleapis.com:generateServiceIdentity 200
[debug] [2025-01-30T21:51:20.326Z] <<< [apiv2][body] POST https://serviceusage.googleapis.com/v1beta1/projects/958535480922/services/pubsub.googleapis.com:generateServiceIdentity {"name":"operations/finished.DONE_OPERATION","done":true,"response":{"@type":"type.googleapis.com/google.api.serviceusage.v1beta1.ServiceIdentity","email":"service-958535480922@gcp-sa-pubsub.iam.gserviceaccount.com","uniqueId":"105366200254193979341"}}
[debug] [2025-01-30T21:51:20.327Z] Checked if tokens are valid: true, expires at: 1738276224485
[debug] [2025-01-30T21:51:20.327Z] Checked if tokens are valid: true, expires at: 1738276224485
[debug] [2025-01-30T21:51:20.327Z] >>> [apiv2][query] GET https://cloudresourcemanager.googleapis.com/v1/projects/pequi-zone [none]
[debug] [2025-01-30T21:51:20.512Z] <<< [apiv2][status] GET https://cloudresourcemanager.googleapis.com/v1/projects/pequi-zone 200
[debug] [2025-01-30T21:51:20.512Z] <<< [apiv2][body] GET https://cloudresourcemanager.googleapis.com/v1/projects/pequi-zone {"projectNumber":"958535480922","projectId":"pequi-zone","lifecycleState":"ACTIVE","name":"pequi-zone","labels":{"firebase":"enabled","firebase-core":"disabled"},"createTime":"2025-01-29T18:44:20.503050Z"}
[debug] [2025-01-30T21:51:20.515Z] Checked if tokens are valid: true, expires at: 1738276224485
[debug] [2025-01-30T21:51:20.515Z] Checked if tokens are valid: true, expires at: 1738276224485
[debug] [2025-01-30T21:51:20.516Z] >>> [apiv2][query] POST https://firebasehosting.googleapis.com/v1beta1/projects/-/sites/pequi-zone/versions [none]
[debug] [2025-01-30T21:51:20.516Z] >>> [apiv2][body] POST https://firebasehosting.googleapis.com/v1beta1/projects/-/sites/pequi-zone/versions {"status":"CREATED","labels":{"deployment-tool":"cli-firebase"}}
[debug] [2025-01-30T21:51:22.020Z] <<< [apiv2][status] POST https://firebasehosting.googleapis.com/v1beta1/projects/-/sites/pequi-zone/versions 200
[debug] [2025-01-30T21:51:22.020Z] <<< [apiv2][body] POST https://firebasehosting.googleapis.com/v1beta1/projects/-/sites/pequi-zone/versions {"name":"projects/958535480922/sites/pequi-zone/versions/d38545828d0bdee3","status":"CREATED","config":{},"labels":{"deployment-tool":"cli-firebase"}}
[debug] [2025-01-30T21:51:22.021Z] Checked if tokens are valid: true, expires at: 1738276224485
[debug] [2025-01-30T21:51:22.021Z] Checked if tokens are valid: true, expires at: 1738276224485
[debug] [2025-01-30T21:51:22.021Z] >>> [apiv2][query] GET https://cloudbilling.googleapis.com/v1/projects/pequi-zone/billingInfo [none]
[debug] [2025-01-30T21:51:22.909Z] <<< [apiv2][status] GET https://cloudbilling.googleapis.com/v1/projects/pequi-zone/billingInfo 200
[debug] [2025-01-30T21:51:22.909Z] <<< [apiv2][body] GET https://cloudbilling.googleapis.com/v1/projects/pequi-zone/billingInfo {"name":"projects/pequi-zone/billingInfo","projectId":"pequi-zone","billingAccountName":"billingAccounts/01F99C-01959B-096329","billingEnabled":true}
[debug] [2025-01-30T21:51:22.911Z] Checked if tokens are valid: true, expires at: 1738276224485
[debug] [2025-01-30T21:51:22.911Z] Checked if tokens are valid: true, expires at: 1738276224485
[debug] [2025-01-30T21:51:22.911Z] >>> [apiv2][query] POST https://cloudfunctions.googleapis.com/v2/projects/pequi-zone/locations/us-central1/functions:generateUploadUrl [none]
[debug] [2025-01-30T21:51:23.689Z] <<< [apiv2][status] POST https://cloudfunctions.googleapis.com/v2/projects/pequi-zone/locations/us-central1/functions:generateUploadUrl 200
[debug] [2025-01-30T21:51:23.689Z] <<< [apiv2][body] POST https://cloudfunctions.googleapis.com/v2/projects/pequi-zone/locations/us-central1/functions:generateUploadUrl {"uploadUrl":"https://storage.googleapis.com/gcf-v2-uploads-958535480922.us-central1.cloudfunctions.appspot.com/e88629fb-d80b-4913-b761-e037c2f133da.zip?GoogleAccessId=service-958535480922@gcf-admin-robot.iam.gserviceaccount.com&Expires=1738275683&Signature=aXpE0UhAuh9PCHt9ySk%2BvQiejaLwKPP6TNk%2B%2Bj%2FNxt3yLsRf5FjKu4cD1tcRRjXteKLNuX9UKGAjGxsLSpG%2BbnPLZWLXyPJNCUKQekEauhB22PZFEmMe6RWqwA1frlC8yWZpoKsXb7FGVpeIhttPJi9gj57W1zgDvlzZVoWATRDjZrZAeCUeHxFGUTmeDgMrDPtnlB5JRFJABlDcMG7U3tFKPJS%2FpGLHs2Vo71A9mHyyLVmWdJph%2B0DjRq0NUw76P61TblJ%2FnPIzxEgJGd0kIkDpQVZr%2BYQoaLd2HH7XVjfsB%2FgPWZCMMQRDigYiEQ472vFTsv%2FciLTXyK6Z6QjAFQ%3D%3D","storageSource":{"bucket":"gcf-v2-uploads-958535480922.us-central1.cloudfunctions.appspot.com","object":"e88629fb-d80b-4913-b761-e037c2f133da.zip"}}
[debug] [2025-01-30T21:51:23.690Z] >>> [apiv2][query] PUT https://storage.googleapis.com/gcf-v2-uploads-958535480922.us-central1.cloudfunctions.appspot.com/e88629fb-d80b-4913-b761-e037c2f133da.zip GoogleAccessId=service-958535480922%40gcf-admin-robot.iam.gserviceaccount.com&Expires=1738275683&Signature=aXpE0UhAuh9PCHt9ySk%2BvQiejaLwKPP6TNk%2B%2Bj%2FNxt3yLsRf5FjKu4cD1tcRRjXteKLNuX9UKGAjGxsLSpG%2BbnPLZWLXyPJNCUKQekEauhB22PZFEmMe6RWqwA1frlC8yWZpoKsXb7FGVpeIhttPJi9gj57W1zgDvlzZVoWATRDjZrZAeCUeHxFGUTmeDgMrDPtnlB5JRFJABlDcMG7U3tFKPJS%2FpGLHs2Vo71A9mHyyLVmWdJph%2B0DjRq0NUw76P61TblJ%2FnPIzxEgJGd0kIkDpQVZr%2BYQoaLd2HH7XVjfsB%2FgPWZCMMQRDigYiEQ472vFTsv%2FciLTXyK6Z6QjAFQ%3D%3D
[debug] [2025-01-30T21:51:23.690Z] >>> [apiv2][body] PUT https://storage.googleapis.com/gcf-v2-uploads-958535480922.us-central1.cloudfunctions.appspot.com/e88629fb-d80b-4913-b761-e037c2f133da.zip [stream]
[debug] [2025-01-30T21:51:24.233Z] <<< [apiv2][status] PUT https://storage.googleapis.com/gcf-v2-uploads-958535480922.us-central1.cloudfunctions.appspot.com/e88629fb-d80b-4913-b761-e037c2f133da.zip 200
[debug] [2025-01-30T21:51:24.233Z] <<< [apiv2][body] PUT https://storage.googleapis.com/gcf-v2-uploads-958535480922.us-central1.cloudfunctions.appspot.com/e88629fb-d80b-4913-b761-e037c2f133da.zip [omitted]
[info] +  functions: functions folder uploaded successfully 
[info] i  hosting[pequi-zone]: beginning deploy... 
[info] i  hosting[pequi-zone]: found 16 files in build 
[debug] [2025-01-30T21:51:24.254Z] [hosting] uploading with 200 concurrency
[debug] [2025-01-30T21:51:24.557Z] Checked if tokens are valid: true, expires at: 1738276224485
[debug] [2025-01-30T21:51:24.558Z] Checked if tokens are valid: true, expires at: 1738276224485
[debug] [2025-01-30T21:51:24.559Z] [hosting] hash cache [YnVpbGQ] stored for 16 files
[debug] [2025-01-30T21:51:24.559Z] [hosting][hash queue][FINAL] {"max":296,"min":4,"avg":31.3125,"active":0,"complete":16,"success":16,"errored":0,"retried":0,"total":16,"elapsed":303}
[debug] [2025-01-30T21:51:24.560Z] >>> [apiv2][query] POST https://firebasehosting.googleapis.com/v1beta1/projects/958535480922/sites/pequi-zone/versions/d38545828d0bdee3:populateFiles [none]
[debug] [2025-01-30T21:51:24.560Z] >>> [apiv2][body] POST https://firebasehosting.googleapis.com/v1beta1/projects/958535480922/sites/pequi-zone/versions/d38545828d0bdee3:populateFiles {"files":{"/robots.txt":"bfe106a3fb878dc83461c86818bf74fc1bdc7f28538ba613cd3e775516ce8b49","/manifest.json":"ee04fb47e525c67d8424ffe9b4d8a8a24e434504478afca4e0ca602146836d4c","/logo192.png":"8cde41a6b8cf488b9801b148b8e4d779c892e26b4154a56bcaf532063b6393d1","/favicon.ico":"00aac7534dfecc74222c9f280fe52a161f82f8735fd94b57b05fc22943deef27","/404.html":"762bf484ba67404bd1a3b181546ea28d60dfddf18e9dd4795d8d25bcf3c1a890","/index.html":"e758569caedfa6bb1f1a56c31063c20a316a6ce6d71a9c8ab36bd001773f198b","/asset-manifest.json":"1b5c1c67d1c038dc3b5bfc2518d04aee8fd9e737a078ea0c03a5474c10df9ef9","/static/js/main.4697c727.js.LICENSE.txt":"38968b16627e33f6fa4b1e8c3ff958d5fc70479a290d6fcd300e2102907f6dfd","/static/js/488.389f7c63.chunk.js.map":"0955bb401ce2991234b41d87bf88e69fa99810238c7ba077d0a819c2e4120dd4","/static/css/main.ea7a678e.css.map":"13f92ddc58dcb2395172c78257e6432c70811a714349bba95a664c98615328c3","/static/js/488.389f7c63.chunk.js":"ead4a02120db89a60e3ab011eb2ba6376675b8109f1959e8ca212bdc0a4504df","/static/css/main.ea7a678e.css":"608516155cf5b477491ddb23f57f90bb6cda3a49b4a17d146f1439391c6131f3","/static/media/banner_home.b4f470f1faee0971494c.jpg":"f1ac24b6e1bae0d84c54c1a98131ee134a5fbfffa26c4729d665713d8d77d83a","/static/media/logo512.4d56c73943eca69c4593.png":"19edbfbf17974645ff771da8d20afc0360e970642dfe08537e1f4aaee72643b2","/static/js/main.4697c727.js":"fd6071246d6def616ea91e4bf47c6fcbf8853caf8d1742fe6e839b17ed7174aa","/static/js/main.4697c727.js.map":"6cc23e46ada5242cb35fb92fc3a9e4061a6f6d90107c4ba2eeaddaf02fb7925f"}}
[debug] [2025-01-30T21:51:25.024Z] <<< [apiv2][status] POST https://firebasehosting.googleapis.com/v1beta1/projects/958535480922/sites/pequi-zone/versions/d38545828d0bdee3:populateFiles 200
[debug] [2025-01-30T21:51:25.024Z] <<< [apiv2][body] POST https://firebasehosting.googleapis.com/v1beta1/projects/958535480922/sites/pequi-zone/versions/d38545828d0bdee3:populateFiles {"uploadRequiredHashes":["fd6071246d6def616ea91e4bf47c6fcbf8853caf8d1742fe6e839b17ed7174aa","e758569caedfa6bb1f1a56c31063c20a316a6ce6d71a9c8ab36bd001773f198b","1b5c1c67d1c038dc3b5bfc2518d04aee8fd9e737a078ea0c03a5474c10df9ef9","6cc23e46ada5242cb35fb92fc3a9e4061a6f6d90107c4ba2eeaddaf02fb7925f"],"uploadUrl":"https://upload-firebasehosting.googleapis.com/upload/sites/pequi-zone/versions/d38545828d0bdee3/files"}
[debug] [2025-01-30T21:51:25.025Z] Checked if tokens are valid: true, expires at: 1738276224485
[debug] [2025-01-30T21:51:25.025Z] Checked if tokens are valid: true, expires at: 1738276224485
[debug] [2025-01-30T21:51:25.026Z] Checked if tokens are valid: true, expires at: 1738276224485
[debug] [2025-01-30T21:51:25.026Z] Checked if tokens are valid: true, expires at: 1738276224485
[debug] [2025-01-30T21:51:25.026Z] Checked if tokens are valid: true, expires at: 1738276224485
[debug] [2025-01-30T21:51:25.027Z] Checked if tokens are valid: true, expires at: 1738276224485
[debug] [2025-01-30T21:51:25.027Z] Checked if tokens are valid: true, expires at: 1738276224485
[debug] [2025-01-30T21:51:25.027Z] Checked if tokens are valid: true, expires at: 1738276224485
[debug] [2025-01-30T21:51:25.027Z] >>> [apiv2][query] POST https://upload-firebasehosting.googleapis.com/upload/sites/pequi-zone/versions/d38545828d0bdee3/files/fd6071246d6def616ea91e4bf47c6fcbf8853caf8d1742fe6e839b17ed7174aa [none]
[debug] [2025-01-30T21:51:25.027Z] >>> [apiv2][body] POST https://upload-firebasehosting.googleapis.com/upload/sites/pequi-zone/versions/d38545828d0bdee3/files/fd6071246d6def616ea91e4bf47c6fcbf8853caf8d1742fe6e839b17ed7174aa [stream]
[debug] [2025-01-30T21:51:25.029Z] >>> [apiv2][query] POST https://upload-firebasehosting.googleapis.com/upload/sites/pequi-zone/versions/d38545828d0bdee3/files/e758569caedfa6bb1f1a56c31063c20a316a6ce6d71a9c8ab36bd001773f198b [none]
[debug] [2025-01-30T21:51:25.029Z] >>> [apiv2][body] POST https://upload-firebasehosting.googleapis.com/upload/sites/pequi-zone/versions/d38545828d0bdee3/files/e758569caedfa6bb1f1a56c31063c20a316a6ce6d71a9c8ab36bd001773f198b [stream]
[debug] [2025-01-30T21:51:25.030Z] >>> [apiv2][query] POST https://upload-firebasehosting.googleapis.com/upload/sites/pequi-zone/versions/d38545828d0bdee3/files/1b5c1c67d1c038dc3b5bfc2518d04aee8fd9e737a078ea0c03a5474c10df9ef9 [none]
[debug] [2025-01-30T21:51:25.030Z] >>> [apiv2][body] POST https://upload-firebasehosting.googleapis.com/upload/sites/pequi-zone/versions/d38545828d0bdee3/files/1b5c1c67d1c038dc3b5bfc2518d04aee8fd9e737a078ea0c03a5474c10df9ef9 [stream]
[debug] [2025-01-30T21:51:25.032Z] >>> [apiv2][query] POST https://upload-firebasehosting.googleapis.com/upload/sites/pequi-zone/versions/d38545828d0bdee3/files/6cc23e46ada5242cb35fb92fc3a9e4061a6f6d90107c4ba2eeaddaf02fb7925f [none]
[debug] [2025-01-30T21:51:25.032Z] >>> [apiv2][body] POST https://upload-firebasehosting.googleapis.com/upload/sites/pequi-zone/versions/d38545828d0bdee3/files/6cc23e46ada5242cb35fb92fc3a9e4061a6f6d90107c4ba2eeaddaf02fb7925f [stream]
[debug] [2025-01-30T21:51:25.034Z] [hosting][populate queue][FINAL] {"max":470,"min":470,"avg":470,"active":0,"complete":1,"success":1,"errored":0,"retried":0,"total":1,"elapsed":477}
[debug] [2025-01-30T21:51:25.034Z] [hosting] uploads queued: 4
[debug] [2025-01-30T21:51:25.919Z] <<< [apiv2][status] POST https://upload-firebasehosting.googleapis.com/upload/sites/pequi-zone/versions/d38545828d0bdee3/files/e758569caedfa6bb1f1a56c31063c20a316a6ce6d71a9c8ab36bd001773f198b 200
[debug] [2025-01-30T21:51:25.919Z] <<< [apiv2][body] POST https://upload-firebasehosting.googleapis.com/upload/sites/pequi-zone/versions/d38545828d0bdee3/files/e758569caedfa6bb1f1a56c31063c20a316a6ce6d71a9c8ab36bd001773f198b [stream]
[debug] [2025-01-30T21:51:25.992Z] <<< [apiv2][status] POST https://upload-firebasehosting.googleapis.com/upload/sites/pequi-zone/versions/d38545828d0bdee3/files/1b5c1c67d1c038dc3b5bfc2518d04aee8fd9e737a078ea0c03a5474c10df9ef9 200
[debug] [2025-01-30T21:51:25.992Z] <<< [apiv2][body] POST https://upload-firebasehosting.googleapis.com/upload/sites/pequi-zone/versions/d38545828d0bdee3/files/1b5c1c67d1c038dc3b5bfc2518d04aee8fd9e737a078ea0c03a5474c10df9ef9 [stream]
[debug] [2025-01-30T21:51:26.203Z] <<< [apiv2][status] POST https://upload-firebasehosting.googleapis.com/upload/sites/pequi-zone/versions/d38545828d0bdee3/files/6cc23e46ada5242cb35fb92fc3a9e4061a6f6d90107c4ba2eeaddaf02fb7925f 200
[debug] [2025-01-30T21:51:26.203Z] <<< [apiv2][body] POST https://upload-firebasehosting.googleapis.com/upload/sites/pequi-zone/versions/d38545828d0bdee3/files/6cc23e46ada5242cb35fb92fc3a9e4061a6f6d90107c4ba2eeaddaf02fb7925f [stream]
[debug] [2025-01-30T21:51:26.269Z] <<< [apiv2][status] POST https://upload-firebasehosting.googleapis.com/upload/sites/pequi-zone/versions/d38545828d0bdee3/files/fd6071246d6def616ea91e4bf47c6fcbf8853caf8d1742fe6e839b17ed7174aa 200
[debug] [2025-01-30T21:51:26.270Z] <<< [apiv2][body] POST https://upload-firebasehosting.googleapis.com/upload/sites/pequi-zone/versions/d38545828d0bdee3/files/fd6071246d6def616ea91e4bf47c6fcbf8853caf8d1742fe6e839b17ed7174aa [stream]
[debug] [2025-01-30T21:51:26.270Z] [hosting][upload queue][FINAL] {"max":1245,"min":894,"avg":1070.25,"active":0,"complete":4,"success":4,"errored":0,"retried":0,"total":4,"elapsed":1245}
[info] +  hosting[pequi-zone]: file upload complete 
[debug] [2025-01-30T21:51:26.271Z] [hosting] deploy completed after 2035ms
[info] i  functions: updating Node.js 22 (2nd Gen) function api(us-central1)... 
[debug] [2025-01-30T21:51:26.275Z] Checked if tokens are valid: true, expires at: 1738276224485
[debug] [2025-01-30T21:51:26.275Z] Checked if tokens are valid: true, expires at: 1738276224485
[debug] [2025-01-30T21:51:26.276Z] >>> [apiv2][query] PATCH https://cloudfunctions.googleapis.com/v2/projects/pequi-zone/locations/us-central1/functions/api updateMask=name%2CbuildConfig.runtime%2CbuildConfig.entryPoint%2CbuildConfig.source.storageSource.bucket%2CbuildConfig.source.storageSource.object%2CbuildConfig.environmentVariables%2CbuildConfig.sourceToken%2CserviceConfig.environmentVariables%2CserviceConfig.ingressSettings%2CserviceConfig.timeoutSeconds%2CserviceConfig.serviceAccountEmail%2CserviceConfig.availableMemory%2CserviceConfig.minInstanceCount%2CserviceConfig.maxInstanceCount%2CserviceConfig.maxInstanceRequestConcurrency%2CserviceConfig.availableCpu%2CserviceConfig.vpcConnector%2CserviceConfig.vpcConnectorEgressSettings%2Clabels%2CbuildConfig.buildEnvironmentVariables
[debug] [2025-01-30T21:51:26.276Z] >>> [apiv2][body] PATCH https://cloudfunctions.googleapis.com/v2/projects/pequi-zone/locations/us-central1/functions/api {"name":"projects/pequi-zone/locations/us-central1/functions/api","buildConfig":{"runtime":"nodejs22","entryPoint":"api","source":{"storageSource":{"bucket":"gcf-v2-uploads-958535480922.us-central1.cloudfunctions.appspot.com","object":"e88629fb-d80b-4913-b761-e037c2f133da.zip"}},"environmentVariables":{"GOOGLE_NODE_RUN_SCRIPTS":""}},"serviceConfig":{"environmentVariables":{"FIREBASE_CONFIG":"{\"projectId\":\"pequi-zone\",\"storageBucket\":\"pequi-zone.firebasestorage.app\"}","GCLOUD_PROJECT":"pequi-zone","EVENTARC_CLOUD_EVENT_SOURCE":"projects/pequi-zone/locations/us-central1/services/api","FUNCTION_TARGET":"api","LOG_EXECUTION_ID":"true"},"ingressSettings":null,"timeoutSeconds":null,"serviceAccountEmail":null,"availableMemory":"256Mi","minInstanceCount":null,"maxInstanceCount":null,"maxInstanceRequestConcurrency":80,"availableCpu":"1","vpcConnector":null,"vpcConnectorEgressSettings":null},"labels":{"deployment-tool":"cli-firebase","firebase-functions-hash":"6ba55ca82ea65f66a9bdc9f864caa501eb2b6365"}}
[debug] [2025-01-30T21:51:27.858Z] <<< [apiv2][status] PATCH https://cloudfunctions.googleapis.com/v2/projects/pequi-zone/locations/us-central1/functions/api 200
[debug] [2025-01-30T21:51:27.858Z] <<< [apiv2][body] PATCH https://cloudfunctions.googleapis.com/v2/projects/pequi-zone/locations/us-central1/functions/api {"name":"projects/pequi-zone/locations/us-central1/operations/operation-1738273886897-62cf36d8d06d9-8e1e6f56-994a7cb7","metadata":{"@type":"type.googleapis.com/google.cloud.functions.v2.OperationMetadata","createTime":"2025-01-30T21:51:27.725805670Z","target":"projects/pequi-zone/locations/us-central1/functions/api","verb":"update","cancelRequested":false,"apiVersion":"v2"},"done":false}
[debug] [2025-01-30T21:51:27.859Z] Checked if tokens are valid: true, expires at: 1738276224485
[debug] [2025-01-30T21:51:27.859Z] Checked if tokens are valid: true, expires at: 1738276224485
[debug] [2025-01-30T21:51:27.859Z] >>> [apiv2][query] GET https://cloudfunctions.googleapis.com/v2/projects/pequi-zone/locations/us-central1/operations/operation-1738273886897-62cf36d8d06d9-8e1e6f56-994a7cb7 [none]
[debug] [2025-01-30T21:51:28.572Z] <<< [apiv2][status] GET https://cloudfunctions.googleapis.com/v2/projects/pequi-zone/locations/us-central1/operations/operation-1738273886897-62cf36d8d06d9-8e1e6f56-994a7cb7 200
[debug] [2025-01-30T21:51:28.572Z] <<< [apiv2][body] GET https://cloudfunctions.googleapis.com/v2/projects/pequi-zone/locations/us-central1/operations/operation-1738273886897-62cf36d8d06d9-8e1e6f56-994a7cb7 {"name":"projects/pequi-zone/locations/us-central1/operations/operation-1738273886897-62cf36d8d06d9-8e1e6f56-994a7cb7","metadata":{"@type":"type.googleapis.com/google.cloud.functions.v2.OperationMetadata","createTime":"2025-01-30T21:51:27.725805670Z","target":"projects/pequi-zone/locations/us-central1/functions/api","verb":"update","cancelRequested":false,"apiVersion":"v2","requestResource":{"@type":"type.googleapis.com/google.cloud.functions.v2.Function","name":"projects/pequi-zone/locations/us-central1/functions/api","buildConfig":{"runtime":"nodejs22","entryPoint":"api","source":{"storageSource":{"bucket":"gcf-v2-sources-958535480922-us-central1","object":"api/function-source.zip","generation":"1738273887667743"}},"environmentVariables":{"GOOGLE_NODE_RUN_SCRIPTS":""},"dockerRepository":"projects/pequi-zone/locations/us-central1/repositories/gcf-artifacts","sourceProvenance":{"resolvedStorageSource":{"bucket":"gcf-v2-sources-958535480922-us-central1","object":"api/function-source.zip","generation":"1738270838119486"}},"dockerRegistry":"ARTIFACT_REGISTRY","serviceAccount":"projects/pequi-zone/serviceAccounts/958535480922-compute@developer.gserviceaccount.com","automaticUpdatePolicy":{}},"serviceConfig":{"service":"projects/pequi-zone/locations/us-central1/services/api","timeoutSeconds":60,"environmentVariables":{"FIREBASE_CONFIG":"{\"projectId\":\"pequi-zone\",\"storageBucket\":\"pequi-zone.firebasestorage.app\"}","GCLOUD_PROJECT":"pequi-zone","EVENTARC_CLOUD_EVENT_SOURCE":"projects/pequi-zone/locations/us-central1/services/api","FUNCTION_TARGET":"api","LOG_EXECUTION_ID":"true"},"ingressSettings":"ALLOW_ALL","uri":"https://api-6a2wtfy6ma-uc.a.run.app","serviceAccountEmail":"958535480922-compute@developer.gserviceaccount.com","availableMemory":"256Mi","allTrafficOnLatestRevision":true,"revision":"api-00001-way","maxInstanceRequestConcurrency":80,"availableCpu":"1"},"state":"ACTIVE","labels":{"deployment-tool":"cli-firebase","firebase-functions-hash":"6ba55ca82ea65f66a9bdc9f864caa501eb2b6365"},"environment":"GEN_2","url":"https://us-central1-pequi-zone.cloudfunctions.net/api"},"stages":[{"name":"BUILD","state":"NOT_STARTED"},{"name":"SERVICE","state":"NOT_STARTED"}],"operationType":"UPDATE_FUNCTION"},"done":false}
[debug] [2025-01-30T21:51:29.073Z] [update-default-us-central1-api] Retrying task index 0
[debug] [2025-01-30T21:51:29.074Z] Checked if tokens are valid: true, expires at: 1738276224485
[debug] [2025-01-30T21:51:29.074Z] Checked if tokens are valid: true, expires at: 1738276224485
[debug] [2025-01-30T21:51:29.074Z] >>> [apiv2][query] GET https://cloudfunctions.googleapis.com/v2/projects/pequi-zone/locations/us-central1/operations/operation-1738273886897-62cf36d8d06d9-8e1e6f56-994a7cb7 [none]
[debug] [2025-01-30T21:51:29.806Z] <<< [apiv2][status] GET https://cloudfunctions.googleapis.com/v2/projects/pequi-zone/locations/us-central1/operations/operation-1738273886897-62cf36d8d06d9-8e1e6f56-994a7cb7 200
[debug] [2025-01-30T21:51:29.806Z] <<< [apiv2][body] GET https://cloudfunctions.googleapis.com/v2/projects/pequi-zone/locations/us-central1/operations/operation-1738273886897-62cf36d8d06d9-8e1e6f56-994a7cb7 {"name":"projects/pequi-zone/locations/us-central1/operations/operation-1738273886897-62cf36d8d06d9-8e1e6f56-994a7cb7","metadata":{"@type":"type.googleapis.com/google.cloud.functions.v2.OperationMetadata","createTime":"2025-01-30T21:51:27.725805670Z","target":"projects/pequi-zone/locations/us-central1/functions/api","verb":"update","cancelRequested":false,"apiVersion":"v2","requestResource":{"@type":"type.googleapis.com/google.cloud.functions.v2.Function","name":"projects/pequi-zone/locations/us-central1/functions/api","buildConfig":{"runtime":"nodejs22","entryPoint":"api","source":{"storageSource":{"bucket":"gcf-v2-sources-958535480922-us-central1","object":"api/function-source.zip","generation":"1738273887667743"}},"environmentVariables":{"GOOGLE_NODE_RUN_SCRIPTS":""},"dockerRepository":"projects/pequi-zone/locations/us-central1/repositories/gcf-artifacts","sourceProvenance":{"resolvedStorageSource":{"bucket":"gcf-v2-sources-958535480922-us-central1","object":"api/function-source.zip","generation":"1738270838119486"}},"dockerRegistry":"ARTIFACT_REGISTRY","serviceAccount":"projects/pequi-zone/serviceAccounts/958535480922-compute@developer.gserviceaccount.com","automaticUpdatePolicy":{}},"serviceConfig":{"service":"projects/pequi-zone/locations/us-central1/services/api","timeoutSeconds":60,"environmentVariables":{"FIREBASE_CONFIG":"{\"projectId\":\"pequi-zone\",\"storageBucket\":\"pequi-zone.firebasestorage.app\"}","GCLOUD_PROJECT":"pequi-zone","EVENTARC_CLOUD_EVENT_SOURCE":"projects/pequi-zone/locations/us-central1/services/api","FUNCTION_TARGET":"api","LOG_EXECUTION_ID":"true"},"ingressSettings":"ALLOW_ALL","uri":"https://api-6a2wtfy6ma-uc.a.run.app","serviceAccountEmail":"958535480922-compute@developer.gserviceaccount.com","availableMemory":"256Mi","allTrafficOnLatestRevision":true,"revision":"api-00001-way","maxInstanceRequestConcurrency":80,"availableCpu":"1"},"state":"ACTIVE","labels":{"deployment-tool":"cli-firebase","firebase-functions-hash":"6ba55ca82ea65f66a9bdc9f864caa501eb2b6365"},"environment":"GEN_2","url":"https://us-central1-pequi-zone.cloudfunctions.net/api"},"stages":[{"name":"BUILD","message":"Build in progress","state":"IN_PROGRESS","resource":"projects/958535480922/locations/us-central1/builds/c8c5fb9a-2c64-4fe1-82e8-63fe24f9ff3c","resourceUri":"https://console.cloud.google.com/cloud-build/builds;region=us-central1/c8c5fb9a-2c64-4fe1-82e8-63fe24f9ff3c?project=958535480922"},{"name":"SERVICE","state":"NOT_STARTED"}],"operationType":"UPDATE_FUNCTION","buildName":"projects/958535480922/locations/us-central1/builds/c8c5fb9a-2c64-4fe1-82e8-63fe24f9ff3c"},"done":false}
[debug] [2025-01-30T21:51:30.817Z] [update-default-us-central1-api] Retrying task index 0
[debug] [2025-01-30T21:51:30.817Z] Checked if tokens are valid: true, expires at: 1738276224485
[debug] [2025-01-30T21:51:30.817Z] Checked if tokens are valid: true, expires at: 1738276224485
[debug] [2025-01-30T21:51:30.817Z] >>> [apiv2][query] GET https://cloudfunctions.googleapis.com/v2/projects/pequi-zone/locations/us-central1/operations/operation-1738273886897-62cf36d8d06d9-8e1e6f56-994a7cb7 [none]
[debug] [2025-01-30T21:51:31.490Z] <<< [apiv2][status] GET https://cloudfunctions.googleapis.com/v2/projects/pequi-zone/locations/us-central1/operations/operation-1738273886897-62cf36d8d06d9-8e1e6f56-994a7cb7 200
[debug] [2025-01-30T21:51:31.490Z] <<< [apiv2][body] GET https://cloudfunctions.googleapis.com/v2/projects/pequi-zone/locations/us-central1/operations/operation-1738273886897-62cf36d8d06d9-8e1e6f56-994a7cb7 {"name":"projects/pequi-zone/locations/us-central1/operations/operation-1738273886897-62cf36d8d06d9-8e1e6f56-994a7cb7","metadata":{"@type":"type.googleapis.com/google.cloud.functions.v2.OperationMetadata","createTime":"2025-01-30T21:51:27.725805670Z","target":"projects/pequi-zone/locations/us-central1/functions/api","verb":"update","cancelRequested":false,"apiVersion":"v2","requestResource":{"@type":"type.googleapis.com/google.cloud.functions.v2.Function","name":"projects/pequi-zone/locations/us-central1/functions/api","buildConfig":{"runtime":"nodejs22","entryPoint":"api","source":{"storageSource":{"bucket":"gcf-v2-sources-958535480922-us-central1","object":"api/function-source.zip","generation":"1738273887667743"}},"environmentVariables":{"GOOGLE_NODE_RUN_SCRIPTS":""},"dockerRepository":"projects/pequi-zone/locations/us-central1/repositories/gcf-artifacts","sourceProvenance":{"resolvedStorageSource":{"bucket":"gcf-v2-sources-958535480922-us-central1","object":"api/function-source.zip","generation":"1738270838119486"}},"dockerRegistry":"ARTIFACT_REGISTRY","serviceAccount":"projects/pequi-zone/serviceAccounts/958535480922-compute@developer.gserviceaccount.com","automaticUpdatePolicy":{}},"serviceConfig":{"service":"projects/pequi-zone/locations/us-central1/services/api","timeoutSeconds":60,"environmentVariables":{"FIREBASE_CONFIG":"{\"projectId\":\"pequi-zone\",\"storageBucket\":\"pequi-zone.firebasestorage.app\"}","GCLOUD_PROJECT":"pequi-zone","EVENTARC_CLOUD_EVENT_SOURCE":"projects/pequi-zone/locations/us-central1/services/api","FUNCTION_TARGET":"api","LOG_EXECUTION_ID":"true"},"ingressSettings":"ALLOW_ALL","uri":"https://api-6a2wtfy6ma-uc.a.run.app","serviceAccountEmail":"958535480922-compute@developer.gserviceaccount.com","availableMemory":"256Mi","allTrafficOnLatestRevision":true,"revision":"api-00001-way","maxInstanceRequestConcurrency":80,"availableCpu":"1"},"state":"ACTIVE","labels":{"deployment-tool":"cli-firebase","firebase-functions-hash":"6ba55ca82ea65f66a9bdc9f864caa501eb2b6365"},"environment":"GEN_2","url":"https://us-central1-pequi-zone.cloudfunctions.net/api"},"stages":[{"name":"BUILD","message":"Build in progress","state":"IN_PROGRESS","resource":"projects/958535480922/locations/us-central1/builds/c8c5fb9a-2c64-4fe1-82e8-63fe24f9ff3c","resourceUri":"https://console.cloud.google.com/cloud-build/builds;region=us-central1/c8c5fb9a-2c64-4fe1-82e8-63fe24f9ff3c?project=958535480922"},{"name":"SERVICE","state":"NOT_STARTED"}],"operationType":"UPDATE_FUNCTION","buildName":"projects/958535480922/locations/us-central1/builds/c8c5fb9a-2c64-4fe1-82e8-63fe24f9ff3c"},"done":false}
[debug] [2025-01-30T21:51:33.496Z] [update-default-us-central1-api] Retrying task index 0
[debug] [2025-01-30T21:51:33.496Z] Checked if tokens are valid: true, expires at: 1738276224485
[debug] [2025-01-30T21:51:33.496Z] Checked if tokens are valid: true, expires at: 1738276224485
[debug] [2025-01-30T21:51:33.496Z] >>> [apiv2][query] GET https://cloudfunctions.googleapis.com/v2/projects/pequi-zone/locations/us-central1/operations/operation-1738273886897-62cf36d8d06d9-8e1e6f56-994a7cb7 [none]
[debug] [2025-01-30T21:51:34.202Z] <<< [apiv2][status] GET https://cloudfunctions.googleapis.com/v2/projects/pequi-zone/locations/us-central1/operations/operation-1738273886897-62cf36d8d06d9-8e1e6f56-994a7cb7 200
[debug] [2025-01-30T21:51:34.202Z] <<< [apiv2][body] GET https://cloudfunctions.googleapis.com/v2/projects/pequi-zone/locations/us-central1/operations/operation-1738273886897-62cf36d8d06d9-8e1e6f56-994a7cb7 {"name":"projects/pequi-zone/locations/us-central1/operations/operation-1738273886897-62cf36d8d06d9-8e1e6f56-994a7cb7","metadata":{"@type":"type.googleapis.com/google.cloud.functions.v2.OperationMetadata","createTime":"2025-01-30T21:51:27.725805670Z","target":"projects/pequi-zone/locations/us-central1/functions/api","verb":"update","cancelRequested":false,"apiVersion":"v2","requestResource":{"@type":"type.googleapis.com/google.cloud.functions.v2.Function","name":"projects/pequi-zone/locations/us-central1/functions/api","buildConfig":{"runtime":"nodejs22","entryPoint":"api","source":{"storageSource":{"bucket":"gcf-v2-sources-958535480922-us-central1","object":"api/function-source.zip","generation":"1738273887667743"}},"environmentVariables":{"GOOGLE_NODE_RUN_SCRIPTS":""},"dockerRepository":"projects/pequi-zone/locations/us-central1/repositories/gcf-artifacts","sourceProvenance":{"resolvedStorageSource":{"bucket":"gcf-v2-sources-958535480922-us-central1","object":"api/function-source.zip","generation":"1738270838119486"}},"dockerRegistry":"ARTIFACT_REGISTRY","serviceAccount":"projects/pequi-zone/serviceAccounts/958535480922-compute@developer.gserviceaccount.com","automaticUpdatePolicy":{}},"serviceConfig":{"service":"projects/pequi-zone/locations/us-central1/services/api","timeoutSeconds":60,"environmentVariables":{"FIREBASE_CONFIG":"{\"projectId\":\"pequi-zone\",\"storageBucket\":\"pequi-zone.firebasestorage.app\"}","GCLOUD_PROJECT":"pequi-zone","EVENTARC_CLOUD_EVENT_SOURCE":"projects/pequi-zone/locations/us-central1/services/api","FUNCTION_TARGET":"api","LOG_EXECUTION_ID":"true"},"ingressSettings":"ALLOW_ALL","uri":"https://api-6a2wtfy6ma-uc.a.run.app","serviceAccountEmail":"958535480922-compute@developer.gserviceaccount.com","availableMemory":"256Mi","allTrafficOnLatestRevision":true,"revision":"api-00001-way","maxInstanceRequestConcurrency":80,"availableCpu":"1"},"state":"ACTIVE","labels":{"deployment-tool":"cli-firebase","firebase-functions-hash":"6ba55ca82ea65f66a9bdc9f864caa501eb2b6365"},"environment":"GEN_2","url":"https://us-central1-pequi-zone.cloudfunctions.net/api"},"stages":[{"name":"BUILD","message":"Build in progress","state":"IN_PROGRESS","resource":"projects/958535480922/locations/us-central1/builds/c8c5fb9a-2c64-4fe1-82e8-63fe24f9ff3c","resourceUri":"https://console.cloud.google.com/cloud-build/builds;region=us-central1/c8c5fb9a-2c64-4fe1-82e8-63fe24f9ff3c?project=958535480922"},{"name":"SERVICE","state":"NOT_STARTED"}],"operationType":"UPDATE_FUNCTION","buildName":"projects/958535480922/locations/us-central1/builds/c8c5fb9a-2c64-4fe1-82e8-63fe24f9ff3c"},"done":false}
[debug] [2025-01-30T21:51:38.215Z] [update-default-us-central1-api] Retrying task index 0
[debug] [2025-01-30T21:51:38.216Z] Checked if tokens are valid: true, expires at: 1738276224485
[debug] [2025-01-30T21:51:38.216Z] Checked if tokens are valid: true, expires at: 1738276224485
[debug] [2025-01-30T21:51:38.216Z] >>> [apiv2][query] GET https://cloudfunctions.googleapis.com/v2/projects/pequi-zone/locations/us-central1/operations/operation-1738273886897-62cf36d8d06d9-8e1e6f56-994a7cb7 [none]
[debug] [2025-01-30T21:51:38.936Z] <<< [apiv2][status] GET https://cloudfunctions.googleapis.com/v2/projects/pequi-zone/locations/us-central1/operations/operation-1738273886897-62cf36d8d06d9-8e1e6f56-994a7cb7 200
[debug] [2025-01-30T21:51:38.936Z] <<< [apiv2][body] GET https://cloudfunctions.googleapis.com/v2/projects/pequi-zone/locations/us-central1/operations/operation-1738273886897-62cf36d8d06d9-8e1e6f56-994a7cb7 {"name":"projects/pequi-zone/locations/us-central1/operations/operation-1738273886897-62cf36d8d06d9-8e1e6f56-994a7cb7","metadata":{"@type":"type.googleapis.com/google.cloud.functions.v2.OperationMetadata","createTime":"2025-01-30T21:51:27.725805670Z","target":"projects/pequi-zone/locations/us-central1/functions/api","verb":"update","cancelRequested":false,"apiVersion":"v2","requestResource":{"@type":"type.googleapis.com/google.cloud.functions.v2.Function","name":"projects/pequi-zone/locations/us-central1/functions/api","buildConfig":{"runtime":"nodejs22","entryPoint":"api","source":{"storageSource":{"bucket":"gcf-v2-sources-958535480922-us-central1","object":"api/function-source.zip","generation":"1738273887667743"}},"environmentVariables":{"GOOGLE_NODE_RUN_SCRIPTS":""},"dockerRepository":"projects/pequi-zone/locations/us-central1/repositories/gcf-artifacts","sourceProvenance":{"resolvedStorageSource":{"bucket":"gcf-v2-sources-958535480922-us-central1","object":"api/function-source.zip","generation":"1738270838119486"}},"dockerRegistry":"ARTIFACT_REGISTRY","serviceAccount":"projects/pequi-zone/serviceAccounts/958535480922-compute@developer.gserviceaccount.com","automaticUpdatePolicy":{}},"serviceConfig":{"service":"projects/pequi-zone/locations/us-central1/services/api","timeoutSeconds":60,"environmentVariables":{"FIREBASE_CONFIG":"{\"projectId\":\"pequi-zone\",\"storageBucket\":\"pequi-zone.firebasestorage.app\"}","GCLOUD_PROJECT":"pequi-zone","EVENTARC_CLOUD_EVENT_SOURCE":"projects/pequi-zone/locations/us-central1/services/api","FUNCTION_TARGET":"api","LOG_EXECUTION_ID":"true"},"ingressSettings":"ALLOW_ALL","uri":"https://api-6a2wtfy6ma-uc.a.run.app","serviceAccountEmail":"958535480922-compute@developer.gserviceaccount.com","availableMemory":"256Mi","allTrafficOnLatestRevision":true,"revision":"api-00001-way","maxInstanceRequestConcurrency":80,"availableCpu":"1"},"state":"ACTIVE","labels":{"deployment-tool":"cli-firebase","firebase-functions-hash":"6ba55ca82ea65f66a9bdc9f864caa501eb2b6365"},"environment":"GEN_2","url":"https://us-central1-pequi-zone.cloudfunctions.net/api"},"stages":[{"name":"BUILD","message":"Build in progress","state":"IN_PROGRESS","resource":"projects/958535480922/locations/us-central1/builds/c8c5fb9a-2c64-4fe1-82e8-63fe24f9ff3c","resourceUri":"https://console.cloud.google.com/cloud-build/builds;region=us-central1/c8c5fb9a-2c64-4fe1-82e8-63fe24f9ff3c?project=958535480922"},{"name":"SERVICE","state":"NOT_STARTED"}],"operationType":"UPDATE_FUNCTION","buildName":"projects/958535480922/locations/us-central1/builds/c8c5fb9a-2c64-4fe1-82e8-63fe24f9ff3c"},"done":false}
[debug] [2025-01-30T21:51:46.948Z] [update-default-us-central1-api] Retrying task index 0
[debug] [2025-01-30T21:51:46.949Z] Checked if tokens are valid: true, expires at: 1738276224485
[debug] [2025-01-30T21:51:46.949Z] Checked if tokens are valid: true, expires at: 1738276224485
[debug] [2025-01-30T21:51:46.949Z] >>> [apiv2][query] GET https://cloudfunctions.googleapis.com/v2/projects/pequi-zone/locations/us-central1/operations/operation-1738273886897-62cf36d8d06d9-8e1e6f56-994a7cb7 [none]
[debug] [2025-01-30T21:51:47.685Z] <<< [apiv2][status] GET https://cloudfunctions.googleapis.com/v2/projects/pequi-zone/locations/us-central1/operations/operation-1738273886897-62cf36d8d06d9-8e1e6f56-994a7cb7 200
[debug] [2025-01-30T21:51:47.685Z] <<< [apiv2][body] GET https://cloudfunctions.googleapis.com/v2/projects/pequi-zone/locations/us-central1/operations/operation-1738273886897-62cf36d8d06d9-8e1e6f56-994a7cb7 {"name":"projects/pequi-zone/locations/us-central1/operations/operation-1738273886897-62cf36d8d06d9-8e1e6f56-994a7cb7","metadata":{"@type":"type.googleapis.com/google.cloud.functions.v2.OperationMetadata","createTime":"2025-01-30T21:51:27.725805670Z","target":"projects/pequi-zone/locations/us-central1/functions/api","verb":"update","cancelRequested":false,"apiVersion":"v2","requestResource":{"@type":"type.googleapis.com/google.cloud.functions.v2.Function","name":"projects/pequi-zone/locations/us-central1/functions/api","buildConfig":{"runtime":"nodejs22","entryPoint":"api","source":{"storageSource":{"bucket":"gcf-v2-sources-958535480922-us-central1","object":"api/function-source.zip","generation":"1738273887667743"}},"environmentVariables":{"GOOGLE_NODE_RUN_SCRIPTS":""},"dockerRepository":"projects/pequi-zone/locations/us-central1/repositories/gcf-artifacts","sourceProvenance":{"resolvedStorageSource":{"bucket":"gcf-v2-sources-958535480922-us-central1","object":"api/function-source.zip","generation":"1738270838119486"}},"dockerRegistry":"ARTIFACT_REGISTRY","serviceAccount":"projects/pequi-zone/serviceAccounts/958535480922-compute@developer.gserviceaccount.com","automaticUpdatePolicy":{}},"serviceConfig":{"service":"projects/pequi-zone/locations/us-central1/services/api","timeoutSeconds":60,"environmentVariables":{"FIREBASE_CONFIG":"{\"projectId\":\"pequi-zone\",\"storageBucket\":\"pequi-zone.firebasestorage.app\"}","GCLOUD_PROJECT":"pequi-zone","EVENTARC_CLOUD_EVENT_SOURCE":"projects/pequi-zone/locations/us-central1/services/api","FUNCTION_TARGET":"api","LOG_EXECUTION_ID":"true"},"ingressSettings":"ALLOW_ALL","uri":"https://api-6a2wtfy6ma-uc.a.run.app","serviceAccountEmail":"958535480922-compute@developer.gserviceaccount.com","availableMemory":"256Mi","allTrafficOnLatestRevision":true,"revision":"api-00001-way","maxInstanceRequestConcurrency":80,"availableCpu":"1"},"state":"ACTIVE","labels":{"deployment-tool":"cli-firebase","firebase-functions-hash":"6ba55ca82ea65f66a9bdc9f864caa501eb2b6365"},"environment":"GEN_2","url":"https://us-central1-pequi-zone.cloudfunctions.net/api"},"stages":[{"name":"BUILD","message":"Build in progress","state":"IN_PROGRESS","resource":"projects/958535480922/locations/us-central1/builds/c8c5fb9a-2c64-4fe1-82e8-63fe24f9ff3c","resourceUri":"https://console.cloud.google.com/cloud-build/builds;region=us-central1/c8c5fb9a-2c64-4fe1-82e8-63fe24f9ff3c?project=958535480922"},{"name":"SERVICE","state":"NOT_STARTED"}],"operationType":"UPDATE_FUNCTION","buildName":"projects/958535480922/locations/us-central1/builds/c8c5fb9a-2c64-4fe1-82e8-63fe24f9ff3c"},"done":false}
[debug] [2025-01-30T21:51:57.696Z] [update-default-us-central1-api] Retrying task index 0
[debug] [2025-01-30T21:51:57.696Z] Checked if tokens are valid: true, expires at: 1738276224485
[debug] [2025-01-30T21:51:57.696Z] Checked if tokens are valid: true, expires at: 1738276224485
[debug] [2025-01-30T21:51:57.696Z] >>> [apiv2][query] GET https://cloudfunctions.googleapis.com/v2/projects/pequi-zone/locations/us-central1/operations/operation-1738273886897-62cf36d8d06d9-8e1e6f56-994a7cb7 [none]
[debug] [2025-01-30T21:51:58.428Z] <<< [apiv2][status] GET https://cloudfunctions.googleapis.com/v2/projects/pequi-zone/locations/us-central1/operations/operation-1738273886897-62cf36d8d06d9-8e1e6f56-994a7cb7 200
[debug] [2025-01-30T21:51:58.428Z] <<< [apiv2][body] GET https://cloudfunctions.googleapis.com/v2/projects/pequi-zone/locations/us-central1/operations/operation-1738273886897-62cf36d8d06d9-8e1e6f56-994a7cb7 {"name":"projects/pequi-zone/locations/us-central1/operations/operation-1738273886897-62cf36d8d06d9-8e1e6f56-994a7cb7","metadata":{"@type":"type.googleapis.com/google.cloud.functions.v2.OperationMetadata","createTime":"2025-01-30T21:51:27.725805670Z","target":"projects/pequi-zone/locations/us-central1/functions/api","verb":"update","cancelRequested":false,"apiVersion":"v2","requestResource":{"@type":"type.googleapis.com/google.cloud.functions.v2.Function","name":"projects/pequi-zone/locations/us-central1/functions/api","buildConfig":{"runtime":"nodejs22","entryPoint":"api","source":{"storageSource":{"bucket":"gcf-v2-sources-958535480922-us-central1","object":"api/function-source.zip","generation":"1738273887667743"}},"environmentVariables":{"GOOGLE_NODE_RUN_SCRIPTS":""},"dockerRepository":"projects/pequi-zone/locations/us-central1/repositories/gcf-artifacts","sourceProvenance":{"resolvedStorageSource":{"bucket":"gcf-v2-sources-958535480922-us-central1","object":"api/function-source.zip","generation":"1738270838119486"}},"dockerRegistry":"ARTIFACT_REGISTRY","serviceAccount":"projects/pequi-zone/serviceAccounts/958535480922-compute@developer.gserviceaccount.com","automaticUpdatePolicy":{}},"serviceConfig":{"service":"projects/pequi-zone/locations/us-central1/services/api","timeoutSeconds":60,"environmentVariables":{"FIREBASE_CONFIG":"{\"projectId\":\"pequi-zone\",\"storageBucket\":\"pequi-zone.firebasestorage.app\"}","GCLOUD_PROJECT":"pequi-zone","EVENTARC_CLOUD_EVENT_SOURCE":"projects/pequi-zone/locations/us-central1/services/api","FUNCTION_TARGET":"api","LOG_EXECUTION_ID":"true"},"ingressSettings":"ALLOW_ALL","uri":"https://api-6a2wtfy6ma-uc.a.run.app","serviceAccountEmail":"958535480922-compute@developer.gserviceaccount.com","availableMemory":"256Mi","allTrafficOnLatestRevision":true,"revision":"api-00001-way","maxInstanceRequestConcurrency":80,"availableCpu":"1"},"state":"ACTIVE","labels":{"deployment-tool":"cli-firebase","firebase-functions-hash":"6ba55ca82ea65f66a9bdc9f864caa501eb2b6365"},"environment":"GEN_2","url":"https://us-central1-pequi-zone.cloudfunctions.net/api"},"stages":[{"name":"BUILD","message":"Build in progress","state":"IN_PROGRESS","resource":"projects/958535480922/locations/us-central1/builds/c8c5fb9a-2c64-4fe1-82e8-63fe24f9ff3c","resourceUri":"https://console.cloud.google.com/cloud-build/builds;region=us-central1/c8c5fb9a-2c64-4fe1-82e8-63fe24f9ff3c?project=958535480922"},{"name":"SERVICE","state":"NOT_STARTED"}],"operationType":"UPDATE_FUNCTION","buildName":"projects/958535480922/locations/us-central1/builds/c8c5fb9a-2c64-4fe1-82e8-63fe24f9ff3c"},"done":false}
[debug] [2025-01-30T21:52:08.431Z] [update-default-us-central1-api] Retrying task index 0
[debug] [2025-01-30T21:52:08.431Z] Checked if tokens are valid: true, expires at: 1738276224485
[debug] [2025-01-30T21:52:08.431Z] Checked if tokens are valid: true, expires at: 1738276224485
[debug] [2025-01-30T21:52:08.431Z] >>> [apiv2][query] GET https://cloudfunctions.googleapis.com/v2/projects/pequi-zone/locations/us-central1/operations/operation-1738273886897-62cf36d8d06d9-8e1e6f56-994a7cb7 [none]
[debug] [2025-01-30T21:52:09.168Z] <<< [apiv2][status] GET https://cloudfunctions.googleapis.com/v2/projects/pequi-zone/locations/us-central1/operations/operation-1738273886897-62cf36d8d06d9-8e1e6f56-994a7cb7 200
[debug] [2025-01-30T21:52:09.168Z] <<< [apiv2][body] GET https://cloudfunctions.googleapis.com/v2/projects/pequi-zone/locations/us-central1/operations/operation-1738273886897-62cf36d8d06d9-8e1e6f56-994a7cb7 {"name":"projects/pequi-zone/locations/us-central1/operations/operation-1738273886897-62cf36d8d06d9-8e1e6f56-994a7cb7","metadata":{"@type":"type.googleapis.com/google.cloud.functions.v2.OperationMetadata","createTime":"2025-01-30T21:51:27.725805670Z","target":"projects/pequi-zone/locations/us-central1/functions/api","verb":"update","cancelRequested":false,"apiVersion":"v2","requestResource":{"@type":"type.googleapis.com/google.cloud.functions.v2.Function","name":"projects/pequi-zone/locations/us-central1/functions/api","buildConfig":{"runtime":"nodejs22","entryPoint":"api","source":{"storageSource":{"bucket":"gcf-v2-sources-958535480922-us-central1","object":"api/function-source.zip","generation":"1738273887667743"}},"environmentVariables":{"GOOGLE_NODE_RUN_SCRIPTS":""},"dockerRepository":"projects/pequi-zone/locations/us-central1/repositories/gcf-artifacts","sourceProvenance":{"resolvedStorageSource":{"bucket":"gcf-v2-sources-958535480922-us-central1","object":"api/function-source.zip","generation":"1738270838119486"}},"dockerRegistry":"ARTIFACT_REGISTRY","serviceAccount":"projects/pequi-zone/serviceAccounts/958535480922-compute@developer.gserviceaccount.com","automaticUpdatePolicy":{}},"serviceConfig":{"service":"projects/pequi-zone/locations/us-central1/services/api","timeoutSeconds":60,"environmentVariables":{"FIREBASE_CONFIG":"{\"projectId\":\"pequi-zone\",\"storageBucket\":\"pequi-zone.firebasestorage.app\"}","GCLOUD_PROJECT":"pequi-zone","EVENTARC_CLOUD_EVENT_SOURCE":"projects/pequi-zone/locations/us-central1/services/api","FUNCTION_TARGET":"api","LOG_EXECUTION_ID":"true"},"ingressSettings":"ALLOW_ALL","uri":"https://api-6a2wtfy6ma-uc.a.run.app","serviceAccountEmail":"958535480922-compute@developer.gserviceaccount.com","availableMemory":"256Mi","allTrafficOnLatestRevision":true,"revision":"api-00001-way","maxInstanceRequestConcurrency":80,"availableCpu":"1"},"state":"ACTIVE","labels":{"deployment-tool":"cli-firebase","firebase-functions-hash":"6ba55ca82ea65f66a9bdc9f864caa501eb2b6365"},"environment":"GEN_2","url":"https://us-central1-pequi-zone.cloudfunctions.net/api"},"stages":[{"name":"BUILD","message":"Build finished","state":"COMPLETE","resource":"projects/958535480922/locations/us-central1/builds/c8c5fb9a-2c64-4fe1-82e8-63fe24f9ff3c","resourceUri":"https://console.cloud.google.com/cloud-build/builds;region=us-central1/c8c5fb9a-2c64-4fe1-82e8-63fe24f9ff3c?project=958535480922"},{"name":"SERVICE","message":"Updating Cloud Run service","state":"IN_PROGRESS","resource":"projects/pequi-zone/locations/us-central1/services/api","resourceUri":"https://console.cloud.google.com/run/detail/us-central1/api?project=pequi-zone","stateMessages":[{"severity":"INFO","type":"CloudRunServiceNewRevisionTrafficInfo","message":"A new revision will be deployed serving with 100% traffic."}]}],"sourceToken":"Cldwcm9qZWN0cy85NTg1MzU0ODA5MjIvbG9jYXRpb25zL3VzLWNlbnRyYWwxL2J1aWxkcy9jOGM1ZmI5YS0yYzY0LTRmZTEtODJlOC02M2ZlMjRmOWZmM2MSXHVzLWNlbnRyYWwxLWRvY2tlci5wa2cuZGV2L3BlcXVpLXpvbmUvZ2NmLWFydGlmYWN0cy9wZXF1aS0tem9uZV9fdXMtLWNlbnRyYWwxX19hcGk6dmVyc2lvbl8xGNrsqunyGyI3cHJvamVjdHMvcGVxdWktem9uZS9sb2NhdGlvbnMvdXMtY2VudHJhbDEvZnVuY3Rpb25zL2FwaSoMCIHp77wGENjS48UCMghub2RlanMyMjp2CiNnY3IuaW8vZ2FlLXJ1bnRpbWVzL25vZGVqczIyOnN0YWJsZRJPdXMtY2VudHJhbDEtZG9ja2VyLnBrZy5kZXYvc2VydmVybGVzcy1ydW50aW1lcy9nb29nbGUtMjItZnVsbC9ydW50aW1lcy9ub2RlanMyMkAB","operationType":"UPDATE_FUNCTION","buildName":"projects/958535480922/locations/us-central1/builds/c8c5fb9a-2c64-4fe1-82e8-63fe24f9ff3c"},"done":false}
[debug] [2025-01-30T21:52:09.168Z] Got source token Cldwcm9qZWN0cy85NTg1MzU0ODA5MjIvbG9jYXRpb25zL3VzLWNlbnRyYWwxL2J1aWxkcy9jOGM1ZmI5YS0yYzY0LTRmZTEtODJlOC02M2ZlMjRmOWZmM2MSXHVzLWNlbnRyYWwxLWRvY2tlci5wa2cuZGV2L3BlcXVpLXpvbmUvZ2NmLWFydGlmYWN0cy9wZXF1aS0tem9uZV9fdXMtLWNlbnRyYWwxX19hcGk6dmVyc2lvbl8xGNrsqunyGyI3cHJvamVjdHMvcGVxdWktem9uZS9sb2NhdGlvbnMvdXMtY2VudHJhbDEvZnVuY3Rpb25zL2FwaSoMCIHp77wGENjS48UCMghub2RlanMyMjp2CiNnY3IuaW8vZ2FlLXJ1bnRpbWVzL25vZGVqczIyOnN0YWJsZRJPdXMtY2VudHJhbDEtZG9ja2VyLnBrZy5kZXYvc2VydmVybGVzcy1ydW50aW1lcy9nb29nbGUtMjItZnVsbC9ydW50aW1lcy9ub2RlanMyMkAB for region us-central1
[debug] [2025-01-30T21:52:19.180Z] [update-default-us-central1-api] Retrying task index 0
[debug] [2025-01-30T21:52:19.181Z] Checked if tokens are valid: true, expires at: 1738276224485
[debug] [2025-01-30T21:52:19.181Z] Checked if tokens are valid: true, expires at: 1738276224485
[debug] [2025-01-30T21:52:19.181Z] >>> [apiv2][query] GET https://cloudfunctions.googleapis.com/v2/projects/pequi-zone/locations/us-central1/operations/operation-1738273886897-62cf36d8d06d9-8e1e6f56-994a7cb7 [none]
[debug] [2025-01-30T21:52:19.942Z] <<< [apiv2][status] GET https://cloudfunctions.googleapis.com/v2/projects/pequi-zone/locations/us-central1/operations/operation-1738273886897-62cf36d8d06d9-8e1e6f56-994a7cb7 200
[debug] [2025-01-30T21:52:19.942Z] <<< [apiv2][body] GET https://cloudfunctions.googleapis.com/v2/projects/pequi-zone/locations/us-central1/operations/operation-1738273886897-62cf36d8d06d9-8e1e6f56-994a7cb7 {"name":"projects/pequi-zone/locations/us-central1/operations/operation-1738273886897-62cf36d8d06d9-8e1e6f56-994a7cb7","metadata":{"@type":"type.googleapis.com/google.cloud.functions.v2.OperationMetadata","createTime":"2025-01-30T21:51:27.725805670Z","endTime":"2025-01-30T21:52:10.619648130Z","target":"projects/pequi-zone/locations/us-central1/functions/api","verb":"update","cancelRequested":false,"apiVersion":"v2","requestResource":{"@type":"type.googleapis.com/google.cloud.functions.v2.Function","name":"projects/pequi-zone/locations/us-central1/functions/api","buildConfig":{"runtime":"nodejs22","entryPoint":"api","source":{"storageSource":{"bucket":"gcf-v2-sources-958535480922-us-central1","object":"api/function-source.zip","generation":"1738273887667743"}},"environmentVariables":{"GOOGLE_NODE_RUN_SCRIPTS":""},"dockerRepository":"projects/pequi-zone/locations/us-central1/repositories/gcf-artifacts","sourceProvenance":{"resolvedStorageSource":{"bucket":"gcf-v2-sources-958535480922-us-central1","object":"api/function-source.zip","generation":"1738270838119486"}},"dockerRegistry":"ARTIFACT_REGISTRY","serviceAccount":"projects/pequi-zone/serviceAccounts/958535480922-compute@developer.gserviceaccount.com","automaticUpdatePolicy":{}},"serviceConfig":{"service":"projects/pequi-zone/locations/us-central1/services/api","timeoutSeconds":60,"environmentVariables":{"FIREBASE_CONFIG":"{\"projectId\":\"pequi-zone\",\"storageBucket\":\"pequi-zone.firebasestorage.app\"}","GCLOUD_PROJECT":"pequi-zone","EVENTARC_CLOUD_EVENT_SOURCE":"projects/pequi-zone/locations/us-central1/services/api","FUNCTION_TARGET":"api","LOG_EXECUTION_ID":"true"},"ingressSettings":"ALLOW_ALL","uri":"https://api-6a2wtfy6ma-uc.a.run.app","serviceAccountEmail":"958535480922-compute@developer.gserviceaccount.com","availableMemory":"256Mi","allTrafficOnLatestRevision":true,"revision":"api-00001-way","maxInstanceRequestConcurrency":80,"availableCpu":"1"},"state":"ACTIVE","labels":{"deployment-tool":"cli-firebase","firebase-functions-hash":"6ba55ca82ea65f66a9bdc9f864caa501eb2b6365"},"environment":"GEN_2","url":"https://us-central1-pequi-zone.cloudfunctions.net/api"},"stages":[{"name":"SERVICE","state":"NOT_STARTED"}],"operationType":"UPDATE_FUNCTION"},"done":true,"error":{"code":3,"message":"Could not create or update Cloud Run service api, Container Healthcheck failed. Revision 'api-00002-ven' is not ready and cannot serve traffic. The user-provided container failed to start and listen on the port defined provided by the PORT=8080 environment variable within the allocated timeout. This can happen when the container port is misconfigured or if the timeout is too short. The health check timeout can be extended. Logs for this revision might contain more information.\n\nLogs URL: https://console.cloud.google.com/logs/viewer?project=pequi-zone&resource=cloud_run_revision/service_name/api/revision_name/api-00002-ven&advancedFilter=resource.type%3D%22cloud_run_revision%22%0Aresource.labels.service_name%3D%22api%22%0Aresource.labels.revision_name%3D%22api-00002-ven%22 \nFor more troubleshooting guidance, see https://cloud.google.com/run/docs/troubleshooting#container-failed-to-start"}}
[debug] [2025-01-30T21:52:19.943Z] Got source token undefined for region us-central1
[error] Could not create or update Cloud Run service api, Container Healthcheck failed. Revision 'api-00002-ven' is not ready and cannot serve traffic. The user-provided container failed to start and listen on the port defined provided by the PORT=8080 environment variable within the allocated timeout. This can happen when the container port is misconfigured or if the timeout is too short. The health check timeout can be extended. Logs for this revision might contain more information.

Logs URL: https://console.cloud.google.com/logs/viewer?project=pequi-zone&resource=cloud_run_revision/service_name/api/revision_name/api-00002-ven&advancedFilter=resource.type%3D%22cloud_run_revision%22%0Aresource.labels.service_name%3D%22api%22%0Aresource.labels.revision_name%3D%22api-00002-ven%22 
For more troubleshooting guidance, see https://cloud.google.com/run/docs/troubleshooting#container-failed-to-start
[debug] [2025-01-30T21:52:19.949Z] Total Function Deployment time: 53670
[debug] [2025-01-30T21:52:19.949Z] 1 Functions Deployed
[debug] [2025-01-30T21:52:19.949Z] 1 Functions Errored
[debug] [2025-01-30T21:52:19.949Z] 0 Function Deployments Aborted
[debug] [2025-01-30T21:52:19.949Z] Average Function Deployment time: 53669
[info] 
[info] Functions deploy had errors with the following functions:
	api(us-central1)
[debug] [2025-01-30T21:52:20.150Z] Not printing URL for HTTPS function. Typically this means it didn't match a filter or we failed deployment
[info] i  functions: cleaning up build files... 
[debug] [2025-01-30T21:52:20.151Z] Checked if tokens are valid: true, expires at: 1738276224485
[debug] [2025-01-30T21:52:20.151Z] Checked if tokens are valid: true, expires at: 1738276224485
[debug] [2025-01-30T21:52:20.151Z] Checked if tokens are valid: true, expires at: 1738276224485
[debug] [2025-01-30T21:52:20.151Z] Checked if tokens are valid: true, expires at: 1738276224485
[debug] [2025-01-30T21:52:20.151Z] >>> [apiv2][query] DELETE https://artifactregistry.googleapis.com/v1beta2/projects/pequi-zone/locations/us-central1/repositories/gcf-artifacts/packages/api [none]
[debug] [2025-01-30T21:52:20.152Z] >>> [apiv2][query] GET https://us.gcr.io/v2/pequi-zone/gcf/us-central1/tags/list [none]
[debug] [2025-01-30T21:52:20.534Z] <<< [apiv2][status] GET https://us.gcr.io/v2/pequi-zone/gcf/us-central1/tags/list 404
[debug] [2025-01-30T21:52:20.534Z] <<< [apiv2][body] GET https://us.gcr.io/v2/pequi-zone/gcf/us-central1/tags/list {"errors":[{"code":"NAME_UNKNOWN","message":"Repository \"us.gcr.io\" not found"}]}
[debug] [2025-01-30T21:52:20.535Z] Failed docker command with error  Request to https://us.gcr.io/v2/pequi-zone/gcf/us-central1/tags/list had HTTP Error: 404, Not Found {"name":"FirebaseError","children":[],"context":{"body":{"errors":[{"code":"NAME_UNKNOWN","message":"Repository \"us.gcr.io\" not found"}],"error":{"message":"Not Found"}},"response":{"statusCode":404}},"exit":1,"message":"Request to https://us.gcr.io/v2/pequi-zone/gcf/us-central1/tags/list had HTTP Error: 404, Not Found","status":404}
[debug] [2025-01-30T21:52:20.536Z] Checked if tokens are valid: true, expires at: 1738276224485
[debug] [2025-01-30T21:52:20.536Z] Checked if tokens are valid: true, expires at: 1738276224485
[debug] [2025-01-30T21:52:20.536Z] >>> [apiv2][query] GET https://us.gcr.io/v2/pequi-zone/gcf/us-central1/tags/list [none]
[debug] [2025-01-30T21:52:20.760Z] <<< [apiv2][status] GET https://us.gcr.io/v2/pequi-zone/gcf/us-central1/tags/list 404
[debug] [2025-01-30T21:52:20.760Z] <<< [apiv2][body] GET https://us.gcr.io/v2/pequi-zone/gcf/us-central1/tags/list {"errors":[{"code":"NAME_UNKNOWN","message":"Repository \"us.gcr.io\" not found"}]}
[debug] [2025-01-30T21:52:20.760Z] Failed docker command with error  Request to https://us.gcr.io/v2/pequi-zone/gcf/us-central1/tags/list had HTTP Error: 404, Not Found {"name":"FirebaseError","children":[],"context":{"body":{"errors":[{"code":"NAME_UNKNOWN","message":"Repository \"us.gcr.io\" not found"}],"error":{"message":"Not Found"}},"response":{"statusCode":404}},"exit":1,"message":"Request to https://us.gcr.io/v2/pequi-zone/gcf/us-central1/tags/list had HTTP Error: 404, Not Found","status":404}
[debug] [2025-01-30T21:52:20.861Z] Checked if tokens are valid: true, expires at: 1738276224485
[debug] [2025-01-30T21:52:20.861Z] Checked if tokens are valid: true, expires at: 1738276224485
[debug] [2025-01-30T21:52:20.861Z] >>> [apiv2][query] GET https://us.gcr.io/v2/pequi-zone/gcf/us-central1/tags/list [none]
[debug] [2025-01-30T21:52:20.965Z] <<< [apiv2][status] DELETE https://artifactregistry.googleapis.com/v1beta2/projects/pequi-zone/locations/us-central1/repositories/gcf-artifacts/packages/api 404
[debug] [2025-01-30T21:52:20.965Z] <<< [apiv2][body] DELETE https://artifactregistry.googleapis.com/v1beta2/projects/pequi-zone/locations/us-central1/repositories/gcf-artifacts/packages/api {"error":{"code":404,"message":"Package \"projects/pequi-zone/locations/us-central1/repositories/gcf-artifacts/packages/api\" was not found.","status":"NOT_FOUND"}}
[debug] [2025-01-30T21:52:21.094Z] <<< [apiv2][status] GET https://us.gcr.io/v2/pequi-zone/gcf/us-central1/tags/list 404
[debug] [2025-01-30T21:52:21.094Z] <<< [apiv2][body] GET https://us.gcr.io/v2/pequi-zone/gcf/us-central1/tags/list {"errors":[{"code":"NAME_UNKNOWN","message":"Repository \"us.gcr.io\" not found"}]}
[debug] [2025-01-30T21:52:21.094Z] Failed docker command with error  Request to https://us.gcr.io/v2/pequi-zone/gcf/us-central1/tags/list had HTTP Error: 404, Not Found {"name":"FirebaseError","children":[],"context":{"body":{"errors":[{"code":"NAME_UNKNOWN","message":"Repository \"us.gcr.io\" not found"}],"error":{"message":"Not Found"}},"response":{"statusCode":404}},"exit":1,"message":"Request to https://us.gcr.io/v2/pequi-zone/gcf/us-central1/tags/list had HTTP Error: 404, Not Found","status":404}
[warn] !  functions: Unhandled error cleaning up build images. This could result in a small monthly bill if not corrected. You can attempt to delete these images by redeploying or you can delete them manually at https://console.cloud.google.com/gcr/images/pequi-zone/us/gcf 
[debug] [2025-01-30T21:52:21.095Z] Functions deploy failed.
[debug] [2025-01-30T21:52:21.095Z] {
  "endpoint": {
    "id": "api",
    "project": "pequi-zone",
    "region": "us-central1",
    "entryPoint": "api",
    "platform": "gcfv2",
    "runtime": "nodejs22",
    "httpsTrigger": {},
    "labels": {
      "deployment-tool": "cli-firebase"
    },
    "ingressSettings": null,
    "availableMemoryMb": null,
    "serviceAccount": null,
    "timeoutSeconds": null,
    "maxInstances": null,
    "minInstances": null,
    "concurrency": 80,
    "vpc": null,
    "environmentVariables": {
      "FIREBASE_CONFIG": "{\"projectId\":\"pequi-zone\",\"storageBucket\":\"pequi-zone.firebasestorage.app\"}",
      "GCLOUD_PROJECT": "pequi-zone",
      "EVENTARC_CLOUD_EVENT_SOURCE": "projects/pequi-zone/locations/us-central1/services/api",
      "FUNCTION_TARGET": "api",
      "LOG_EXECUTION_ID": "true"
    },
    "codebase": "default",
    "runServiceId": "api",
    "cpu": 1,
    "securityLevel": "SECURE_ALWAYS",
    "targetedByOnly": false,
    "hash": "6ba55ca82ea65f66a9bdc9f864caa501eb2b6365"
  },
  "op": "update",
  "original": {
    "name": "FirebaseError",
    "children": [],
    "exit": 1,
    "message": "Could not create or update Cloud Run service api, Container Healthcheck failed. Revision 'api-00002-ven' is not ready and cannot serve traffic. The user-provided container failed to start and listen on the port defined provided by the PORT=8080 environment variable within the allocated timeout. This can happen when the container port is misconfigured or if the timeout is too short. The health check timeout can be extended. Logs for this revision might contain more information.\n\nLogs URL: https://console.cloud.google.com/logs/viewer?project=pequi-zone&resource=cloud_run_revision/service_name/api/revision_name/api-00002-ven&advancedFilter=resource.type%3D%22cloud_run_revision%22%0Aresource.labels.service_name%3D%22api%22%0Aresource.labels.revision_name%3D%22api-00002-ven%22 \nFor more troubleshooting guidance, see https://cloud.google.com/run/docs/troubleshooting#container-failed-to-start",
    "original": {
      "code": 3,
      "message": "Could not create or update Cloud Run service api, Container Healthcheck failed. Revision 'api-00002-ven' is not ready and cannot serve traffic. The user-provided container failed to start and listen on the port defined provided by the PORT=8080 environment variable within the allocated timeout. This can happen when the container port is misconfigured or if the timeout is too short. The health check timeout can be extended. Logs for this revision might contain more information.\n\nLogs URL: https://console.cloud.google.com/logs/viewer?project=pequi-zone&resource=cloud_run_revision/service_name/api/revision_name/api-00002-ven&advancedFilter=resource.type%3D%22cloud_run_revision%22%0Aresource.labels.service_name%3D%22api%22%0Aresource.labels.revision_name%3D%22api-00002-ven%22 \nFor more troubleshooting guidance, see https://cloud.google.com/run/docs/troubleshooting#container-failed-to-start"
    },
    "status": 3,
    "code": 3
  }
}
[debug] [2025-01-30T21:52:21.133Z] Error: Failed to update function api in region us-central1
    at C:\Users\jhonn\AppData\Roaming\npm\node_modules\firebase-tools\lib\deploy\functions\release\fabricator.js:399:19
    at process.processTicksAndRejections (node:internal/process/task_queues:95:5)
    at async Fabricator.updateV2Function (C:\Users\jhonn\AppData\Roaming\npm\node_modules\firebase-tools\lib\deploy\functions\release\fabricator.js:388:32)
    at async Fabricator.updateEndpoint (C:\Users\jhonn\AppData\Roaming\npm\node_modules\firebase-tools\lib\deploy\functions\release\fabricator.js:155:13)
    at async handle (C:\Users\jhonn\AppData\Roaming\npm\node_modules\firebase-tools\lib\deploy\functions\release\fabricator.js:89:17)
[error] 
[error] Error: There was an error deploying functions
